{"/home/shotaste/git/union-board/src/main.ts": {"path":"/home/shotaste/git/union-board/src/main.ts","statementMap":{"0":{"start":{"line":24,"column":21},"end":{"line":24,"column":38}},"1":{"start":{"line":27,"column":19},"end":{"line":29,"column":65}},"2":{"start":{"line":32,"column":2},"end":{"line":37,"column":3}},"3":{"start":{"line":33,"column":23},"end":{"line":33,"column":94}},"4":{"start":{"line":34,"column":4},"end":{"line":34,"column":41}},"5":{"start":{"line":36,"column":4},"end":{"line":36,"column":63}},"6":{"start":{"line":40,"column":2},"end":{"line":67,"column":3}},"7":{"start":{"line":41,"column":24},"end":{"line":41,"column":47}},"8":{"start":{"line":43,"column":22},"end":{"line":53,"column":6}},"9":{"start":{"line":55,"column":28},"end":{"line":55,"column":81}},"10":{"start":{"line":56,"column":4},"end":{"line":58,"column":68}},"11":{"start":{"line":61,"column":4},"end":{"line":66,"column":5}},"12":{"start":{"line":62,"column":25},"end":{"line":62,"column":96}},"13":{"start":{"line":63,"column":6},"end":{"line":63,"column":43}},"14":{"start":{"line":65,"column":6},"end":{"line":65,"column":65}},"15":{"start":{"line":69,"column":2},"end":{"line":69,"column":20}},"16":{"start":{"line":79,"column":2},"end":{"line":84,"column":3}},"17":{"start":{"line":80,"column":4},"end":{"line":80,"column":28}},"18":{"start":{"line":82,"column":4},"end":{"line":82,"column":64}},"19":{"start":{"line":83,"column":4},"end":{"line":83,"column":14}},"20":{"start":{"line":93,"column":2},"end":{"line":149,"column":3}},"21":{"start":{"line":95,"column":22},"end":{"line":95,"column":36}},"22":{"start":{"line":97,"column":27},"end":{"line":105,"column":6}},"23":{"start":{"line":108,"column":19},"end":{"line":108,"column":87}},"24":{"start":{"line":111,"column":20},"end":{"line":116,"column":7}},"25":{"start":{"line":111,"column":43},"end":{"line":116,"column":6}},"26":{"start":{"line":119,"column":25},"end":{"line":119,"column":42}},"27":{"start":{"line":121,"column":60},"end":{"line":121,"column":62}},"28":{"start":{"line":122,"column":4},"end":{"line":127,"column":7}},"29":{"start":{"line":123,"column":6},"end":{"line":125,"column":7}},"30":{"start":{"line":124,"column":8},"end":{"line":124,"column":44}},"31":{"start":{"line":126,"column":6},"end":{"line":126,"column":52}},"32":{"start":{"line":129,"column":4},"end":{"line":134,"column":6}},"33":{"start":{"line":136,"column":4},"end":{"line":136,"column":65}},"34":{"start":{"line":137,"column":4},"end":{"line":148,"column":6}},"35":{"start":{"line":170,"column":2},"end":{"line":215,"column":3}},"36":{"start":{"line":172,"column":4},"end":{"line":177,"column":5}},"37":{"start":{"line":173,"column":6},"end":{"line":176,"column":8}},"38":{"start":{"line":179,"column":4},"end":{"line":184,"column":5}},"39":{"start":{"line":180,"column":6},"end":{"line":183,"column":8}},"40":{"start":{"line":186,"column":20},"end":{"line":191,"column":null}},"41":{"start":{"line":194,"column":4},"end":{"line":208,"column":5}},"42":{"start":{"line":196,"column":20},"end":{"line":196,"column":41}},"43":{"start":{"line":198,"column":6},"end":{"line":202,"column":8}},"44":{"start":{"line":204,"column":6},"end":{"line":207,"column":8}},"45":{"start":{"line":210,"column":4},"end":{"line":210,"column":67}},"46":{"start":{"line":211,"column":4},"end":{"line":214,"column":6}},"47":{"start":{"line":232,"column":2},"end":{"line":266,"column":3}},"48":{"start":{"line":234,"column":4},"end":{"line":239,"column":5}},"49":{"start":{"line":235,"column":6},"end":{"line":238,"column":8}},"50":{"start":{"line":241,"column":4},"end":{"line":246,"column":5}},"51":{"start":{"line":242,"column":6},"end":{"line":245,"column":8}},"52":{"start":{"line":248,"column":19},"end":{"line":248,"column":48}},"53":{"start":{"line":250,"column":4},"end":{"line":259,"column":5}},"54":{"start":{"line":251,"column":6},"end":{"line":253,"column":8}},"55":{"start":{"line":255,"column":6},"end":{"line":258,"column":8}},"56":{"start":{"line":261,"column":4},"end":{"line":261,"column":67}},"57":{"start":{"line":262,"column":4},"end":{"line":265,"column":6}},"58":{"start":{"line":281,"column":2},"end":{"line":315,"column":3}},"59":{"start":{"line":283,"column":4},"end":{"line":288,"column":5}},"60":{"start":{"line":284,"column":6},"end":{"line":287,"column":8}},"61":{"start":{"line":290,"column":4},"end":{"line":295,"column":5}},"62":{"start":{"line":291,"column":6},"end":{"line":294,"column":8}},"63":{"start":{"line":297,"column":19},"end":{"line":297,"column":39}},"64":{"start":{"line":299,"column":4},"end":{"line":308,"column":5}},"65":{"start":{"line":300,"column":6},"end":{"line":302,"column":8}},"66":{"start":{"line":304,"column":6},"end":{"line":307,"column":8}},"67":{"start":{"line":310,"column":4},"end":{"line":310,"column":67}},"68":{"start":{"line":311,"column":4},"end":{"line":314,"column":6}},"69":{"start":{"line":332,"column":21},"end":{"line":332,"column":22}},"70":{"start":{"line":333,"column":20},"end":{"line":333,"column":21}},"71":{"start":{"line":334,"column":27},"end":{"line":334,"column":29}},"72":{"start":{"line":337,"column":2},"end":{"line":441,"column":3}},"73":{"start":{"line":339,"column":18},"end":{"line":339,"column":37}},"74":{"start":{"line":340,"column":17},"end":{"line":340,"column":49}},"75":{"start":{"line":341,"column":16},"end":{"line":341,"column":40}},"76":{"start":{"line":344,"column":25},"end":{"line":344,"column":50}},"77":{"start":{"line":345,"column":4},"end":{"line":348,"column":5}},"78":{"start":{"line":345,"column":17},"end":{"line":345,"column":18}},"79":{"start":{"line":346,"column":18},"end":{"line":346,"column":47}},"80":{"start":{"line":347,"column":6},"end":{"line":347,"column":31}},"81":{"start":{"line":351,"column":62},"end":{"line":351,"column":64}},"82":{"start":{"line":352,"column":31},"end":{"line":352,"column":33}},"83":{"start":{"line":354,"column":4},"end":{"line":402,"column":7}},"84":{"start":{"line":355,"column":6},"end":{"line":401,"column":7}},"85":{"start":{"line":357,"column":8},"end":{"line":361,"column":9}},"86":{"start":{"line":358,"column":10},"end":{"line":358,"column":63}},"87":{"start":{"line":359,"column":10},"end":{"line":359,"column":24}},"88":{"start":{"line":360,"column":10},"end":{"line":360,"column":17}},"89":{"start":{"line":363,"column":8},"end":{"line":367,"column":9}},"90":{"start":{"line":364,"column":10},"end":{"line":364,"column":71}},"91":{"start":{"line":365,"column":10},"end":{"line":365,"column":24}},"92":{"start":{"line":366,"column":10},"end":{"line":366,"column":17}},"93":{"start":{"line":369,"column":20},"end":{"line":369,"column":61}},"94":{"start":{"line":370,"column":33},"end":{"line":370,"column":54}},"95":{"start":{"line":372,"column":8},"end":{"line":395,"column":9}},"96":{"start":{"line":374,"column":10},"end":{"line":384,"column":13}},"97":{"start":{"line":387,"column":10},"end":{"line":394,"column":13}},"98":{"start":{"line":397,"column":8},"end":{"line":397,"column":23}},"99":{"start":{"line":399,"column":8},"end":{"line":399,"column":22}},"100":{"start":{"line":400,"column":8},"end":{"line":400,"column":67}},"101":{"start":{"line":405,"column":4},"end":{"line":432,"column":5}},"102":{"start":{"line":407,"column":22},"end":{"line":407,"column":34}},"103":{"start":{"line":410,"column":6},"end":{"line":412,"column":9}},"104":{"start":{"line":411,"column":8},"end":{"line":411,"column":42}},"105":{"start":{"line":415,"column":6},"end":{"line":417,"column":7}},"106":{"start":{"line":416,"column":8},"end":{"line":416,"column":35}},"107":{"start":{"line":420,"column":6},"end":{"line":420,"column":20}},"108":{"start":{"line":421,"column":6},"end":{"line":431,"column":7}},"109":{"start":{"line":422,"column":8},"end":{"line":423,"column":30}},"110":{"start":{"line":426,"column":8},"end":{"line":429,"column":35}},"111":{"start":{"line":430,"column":8},"end":{"line":430,"column":31}},"112":{"start":{"line":437,"column":4},"end":{"line":437,"column":58}},"113":{"start":{"line":438,"column":4},"end":{"line":438,"column":57}},"114":{"start":{"line":439,"column":4},"end":{"line":439,"column":35}},"115":{"start":{"line":440,"column":4},"end":{"line":440,"column":21}},"116":{"start":{"line":443,"column":2},"end":{"line":443,"column":72}},"117":{"start":{"line":451,"column":2},"end":{"line":462,"column":3}},"118":{"start":{"line":452,"column":20},"end":{"line":452,"column":32}},"119":{"start":{"line":453,"column":4},"end":{"line":458,"column":8}},"120":{"start":{"line":453,"column":29},"end":{"line":458,"column":6}},"121":{"start":{"line":460,"column":4},"end":{"line":460,"column":66}},"122":{"start":{"line":461,"column":4},"end":{"line":461,"column":14}},"123":{"start":{"line":479,"column":2},"end":{"line":505,"column":3}},"124":{"start":{"line":480,"column":4},"end":{"line":485,"column":5}},"125":{"start":{"line":481,"column":6},"end":{"line":484,"column":8}},"126":{"start":{"line":487,"column":19},"end":{"line":487,"column":65}},"127":{"start":{"line":489,"column":4},"end":{"line":498,"column":5}},"128":{"start":{"line":490,"column":6},"end":{"line":492,"column":8}},"129":{"start":{"line":494,"column":6},"end":{"line":497,"column":8}},"130":{"start":{"line":500,"column":4},"end":{"line":500,"column":67}},"131":{"start":{"line":501,"column":4},"end":{"line":504,"column":6}},"132":{"start":{"line":522,"column":2},"end":{"line":548,"column":3}},"133":{"start":{"line":523,"column":4},"end":{"line":528,"column":5}},"134":{"start":{"line":524,"column":6},"end":{"line":527,"column":8}},"135":{"start":{"line":530,"column":19},"end":{"line":530,"column":65}},"136":{"start":{"line":532,"column":4},"end":{"line":541,"column":5}},"137":{"start":{"line":533,"column":6},"end":{"line":535,"column":8}},"138":{"start":{"line":537,"column":6},"end":{"line":540,"column":8}},"139":{"start":{"line":543,"column":4},"end":{"line":543,"column":67}},"140":{"start":{"line":544,"column":4},"end":{"line":547,"column":6}},"141":{"start":{"line":557,"column":2},"end":{"line":583,"column":3}},"142":{"start":{"line":558,"column":4},"end":{"line":563,"column":5}},"143":{"start":{"line":559,"column":6},"end":{"line":562,"column":8}},"144":{"start":{"line":565,"column":19},"end":{"line":565,"column":40}},"145":{"start":{"line":567,"column":4},"end":{"line":576,"column":5}},"146":{"start":{"line":568,"column":6},"end":{"line":570,"column":8}},"147":{"start":{"line":572,"column":6},"end":{"line":575,"column":8}},"148":{"start":{"line":578,"column":4},"end":{"line":578,"column":67}},"149":{"start":{"line":579,"column":4},"end":{"line":582,"column":6}},"150":{"start":{"line":598,"column":2},"end":{"line":629,"column":3}},"151":{"start":{"line":599,"column":4},"end":{"line":604,"column":5}},"152":{"start":{"line":600,"column":6},"end":{"line":603,"column":8}},"153":{"start":{"line":606,"column":18},"end":{"line":606,"column":39}},"154":{"start":{"line":607,"column":4},"end":{"line":612,"column":5}},"155":{"start":{"line":608,"column":6},"end":{"line":611,"column":8}},"156":{"start":{"line":614,"column":22},"end":{"line":614,"column":43}},"157":{"start":{"line":615,"column":18},"end":{"line":615,"column":41}},"158":{"start":{"line":617,"column":4},"end":{"line":622,"column":6}},"159":{"start":{"line":624,"column":4},"end":{"line":624,"column":72}},"160":{"start":{"line":625,"column":4},"end":{"line":628,"column":6}},"161":{"start":{"line":642,"column":2},"end":{"line":671,"column":3}},"162":{"start":{"line":644,"column":19},"end":{"line":644,"column":35}},"163":{"start":{"line":647,"column":25},"end":{"line":647,"column":42}},"164":{"start":{"line":650,"column":60},"end":{"line":650,"column":62}},"165":{"start":{"line":651,"column":4},"end":{"line":656,"column":7}},"166":{"start":{"line":652,"column":6},"end":{"line":654,"column":7}},"167":{"start":{"line":653,"column":8},"end":{"line":653,"column":44}},"168":{"start":{"line":655,"column":6},"end":{"line":655,"column":52}},"169":{"start":{"line":658,"column":4},"end":{"line":662,"column":6}},"170":{"start":{"line":664,"column":4},"end":{"line":664,"column":71}},"171":{"start":{"line":665,"column":4},"end":{"line":670,"column":6}},"172":{"start":{"line":685,"column":2},"end":{"line":695,"column":3}},"173":{"start":{"line":687,"column":4},"end":{"line":689,"column":5}},"174":{"start":{"line":688,"column":6},"end":{"line":688,"column":19}},"175":{"start":{"line":691,"column":4},"end":{"line":691,"column":46}},"176":{"start":{"line":693,"column":4},"end":{"line":693,"column":68}},"177":{"start":{"line":694,"column":4},"end":{"line":694,"column":17}},"178":{"start":{"line":706,"column":2},"end":{"line":761,"column":3}},"179":{"start":{"line":708,"column":4},"end":{"line":713,"column":5}},"180":{"start":{"line":709,"column":6},"end":{"line":712,"column":8}},"181":{"start":{"line":715,"column":4},"end":{"line":720,"column":5}},"182":{"start":{"line":716,"column":6},"end":{"line":719,"column":8}},"183":{"start":{"line":722,"column":18},"end":{"line":722,"column":39}},"184":{"start":{"line":723,"column":4},"end":{"line":728,"column":5}},"185":{"start":{"line":724,"column":6},"end":{"line":727,"column":8}},"186":{"start":{"line":731,"column":4},"end":{"line":753,"column":5}},"187":{"start":{"line":732,"column":30},"end":{"line":732,"column":56}},"188":{"start":{"line":734,"column":6},"end":{"line":746,"column":7}},"189":{"start":{"line":736,"column":28},"end":{"line":736,"column":49}},"190":{"start":{"line":737,"column":8},"end":{"line":740,"column":10}},"191":{"start":{"line":742,"column":8},"end":{"line":745,"column":10}},"192":{"start":{"line":748,"column":6},"end":{"line":748,"column":67}},"193":{"start":{"line":749,"column":6},"end":{"line":752,"column":8}},"194":{"start":{"line":756,"column":4},"end":{"line":756,"column":69}},"195":{"start":{"line":757,"column":4},"end":{"line":760,"column":6}},"196":{"start":{"line":772,"column":2},"end":{"line":790,"column":3}},"197":{"start":{"line":774,"column":4},"end":{"line":780,"column":5}},"198":{"start":{"line":775,"column":6},"end":{"line":779,"column":8}},"199":{"start":{"line":782,"column":4},"end":{"line":782,"column":41}},"200":{"start":{"line":784,"column":4},"end":{"line":784,"column":68}},"201":{"start":{"line":785,"column":4},"end":{"line":789,"column":6}},"202":{"start":{"line":800,"column":23},"end":{"line":800,"column":58}},"203":{"start":{"line":801,"column":39},"end":{"line":801,"column":41}},"204":{"start":{"line":803,"column":2},"end":{"line":827,"column":3}},"205":{"start":{"line":804,"column":16},"end":{"line":804,"column":26}},"206":{"start":{"line":807,"column":23},"end":{"line":807,"column":62}},"207":{"start":{"line":808,"column":24},"end":{"line":808,"column":60}},"208":{"start":{"line":810,"column":4},"end":{"line":817,"column":5}},"209":{"start":{"line":811,"column":23},"end":{"line":811,"column":44}},"210":{"start":{"line":812,"column":26},"end":{"line":812,"column":76}},"211":{"start":{"line":814,"column":6},"end":{"line":816,"column":7}},"212":{"start":{"line":815,"column":8},"end":{"line":815,"column":15}},"213":{"start":{"line":820,"column":19},"end":{"line":820,"column":59}},"214":{"start":{"line":823,"column":4},"end":{"line":823,"column":60}},"215":{"start":{"line":825,"column":4},"end":{"line":825,"column":62}},"216":{"start":{"line":826,"column":4},"end":{"line":826,"column":39}},"217":{"start":{"line":838,"column":2},"end":{"line":851,"column":3}},"218":{"start":{"line":839,"column":4},"end":{"line":839,"column":40}},"219":{"start":{"line":841,"column":19},"end":{"line":841,"column":32}},"220":{"start":{"line":843,"column":4},"end":{"line":843,"column":82}},"221":{"start":{"line":845,"column":4},"end":{"line":847,"column":5}},"222":{"start":{"line":846,"column":6},"end":{"line":846,"column":58}},"223":{"start":{"line":849,"column":4},"end":{"line":849,"column":69}},"224":{"start":{"line":850,"column":4},"end":{"line":850,"column":39}},"225":{"start":{"line":859,"column":2},"end":{"line":865,"column":3}},"226":{"start":{"line":860,"column":19},"end":{"line":860,"column":45}},"227":{"start":{"line":861,"column":4},"end":{"line":861,"column":81}},"228":{"start":{"line":863,"column":4},"end":{"line":863,"column":75}},"229":{"start":{"line":864,"column":4},"end":{"line":864,"column":39}},"230":{"start":{"line":878,"column":17},"end":{"line":883,"column":4}},"231":{"start":{"line":885,"column":2},"end":{"line":1011,"column":3}},"232":{"start":{"line":887,"column":18},"end":{"line":887,"column":37}},"233":{"start":{"line":888,"column":17},"end":{"line":888,"column":49}},"234":{"start":{"line":890,"column":4},"end":{"line":892,"column":5}},"235":{"start":{"line":891,"column":6},"end":{"line":891,"column":20}},"236":{"start":{"line":895,"column":21},"end":{"line":895,"column":75}},"237":{"start":{"line":898,"column":28},"end":{"line":898,"column":45}},"238":{"start":{"line":900,"column":4},"end":{"line":926,"column":5}},"239":{"start":{"line":900,"column":17},"end":{"line":900,"column":18}},"240":{"start":{"line":901,"column":18},"end":{"line":901,"column":25}},"241":{"start":{"line":902,"column":22},"end":{"line":902,"column":28}},"242":{"start":{"line":903,"column":27},"end":{"line":903,"column":33}},"243":{"start":{"line":905,"column":6},"end":{"line":907,"column":7}},"244":{"start":{"line":906,"column":8},"end":{"line":906,"column":17}},"245":{"start":{"line":911,"column":6},"end":{"line":920,"column":7}},"246":{"start":{"line":912,"column":8},"end":{"line":912,"column":43}},"247":{"start":{"line":913,"column":8},"end":{"line":916,"column":9}},"248":{"start":{"line":914,"column":10},"end":{"line":914,"column":75}},"249":{"start":{"line":915,"column":10},"end":{"line":915,"column":19}},"250":{"start":{"line":918,"column":8},"end":{"line":918,"column":73}},"251":{"start":{"line":919,"column":8},"end":{"line":919,"column":17}},"252":{"start":{"line":923,"column":6},"end":{"line":925,"column":7}},"253":{"start":{"line":924,"column":8},"end":{"line":924,"column":37}},"254":{"start":{"line":928,"column":4},"end":{"line":930,"column":5}},"255":{"start":{"line":929,"column":6},"end":{"line":929,"column":20}},"256":{"start":{"line":933,"column":23},"end":{"line":933,"column":44}},"257":{"start":{"line":934,"column":21},"end":{"line":934,"column":60}},"258":{"start":{"line":936,"column":4},"end":{"line":941,"column":5}},"259":{"start":{"line":937,"column":23},"end":{"line":937,"column":53}},"260":{"start":{"line":938,"column":6},"end":{"line":938,"column":34}},"261":{"start":{"line":939,"column":6},"end":{"line":939,"column":35}},"262":{"start":{"line":940,"column":6},"end":{"line":940,"column":20}},"263":{"start":{"line":944,"column":4},"end":{"line":1003,"column":5}},"264":{"start":{"line":945,"column":6},"end":{"line":1002,"column":7}},"265":{"start":{"line":947,"column":22},"end":{"line":947,"column":43}},"266":{"start":{"line":948,"column":8},"end":{"line":952,"column":9}},"267":{"start":{"line":949,"column":10},"end":{"line":949,"column":52}},"268":{"start":{"line":950,"column":10},"end":{"line":950,"column":26}},"269":{"start":{"line":951,"column":10},"end":{"line":951,"column":19}},"270":{"start":{"line":955,"column":8},"end":{"line":992,"column":9}},"271":{"start":{"line":956,"column":10},"end":{"line":991,"column":11}},"272":{"start":{"line":957,"column":34},"end":{"line":957,"column":78}},"273":{"start":{"line":958,"column":12},"end":{"line":987,"column":13}},"274":{"start":{"line":959,"column":38},"end":{"line":959,"column":68}},"275":{"start":{"line":960,"column":38},"end":{"line":960,"column":97}},"276":{"start":{"line":963,"column":14},"end":{"line":986,"column":15}},"277":{"start":{"line":965,"column":44},"end":{"line":965,"column":80}},"278":{"start":{"line":966,"column":38},"end":{"line":966,"column":57}},"279":{"start":{"line":967,"column":40},"end":{"line":967,"column":73}},"280":{"start":{"line":968,"column":16},"end":{"line":970,"column":17}},"281":{"start":{"line":969,"column":18},"end":{"line":969,"column":89}},"282":{"start":{"line":973,"column":16},"end":{"line":973,"column":96}},"283":{"start":{"line":976,"column":16},"end":{"line":983,"column":25}},"284":{"start":{"line":985,"column":16},"end":{"line":985,"column":56}},"285":{"start":{"line":989,"column":12},"end":{"line":989,"column":99}},"286":{"start":{"line":995,"column":8},"end":{"line":995,"column":49}},"287":{"start":{"line":996,"column":8},"end":{"line":996,"column":24}},"288":{"start":{"line":998,"column":8},"end":{"line":998,"column":24}},"289":{"start":{"line":999,"column":25},"end":{"line":999,"column":73}},"290":{"start":{"line":1000,"column":8},"end":{"line":1000,"column":37}},"291":{"start":{"line":1001,"column":8},"end":{"line":1001,"column":36}},"292":{"start":{"line":1005,"column":4},"end":{"line":1005,"column":23}},"293":{"start":{"line":1008,"column":4},"end":{"line":1008,"column":57}},"294":{"start":{"line":1009,"column":4},"end":{"line":1009,"column":39}},"295":{"start":{"line":1010,"column":4},"end":{"line":1010,"column":49}},"296":{"start":{"line":1013,"column":2},"end":{"line":1013,"column":16}},"297":{"start":{"line":1023,"column":2},"end":{"line":1058,"column":3}},"298":{"start":{"line":1024,"column":25},"end":{"line":1024,"column":44}},"299":{"start":{"line":1025,"column":23},"end":{"line":1025,"column":62}},"300":{"start":{"line":1028,"column":21},"end":{"line":1028,"column":57}},"301":{"start":{"line":1030,"column":4},"end":{"line":1038,"column":5}},"302":{"start":{"line":1032,"column":6},"end":{"line":1032,"column":48}},"303":{"start":{"line":1034,"column":6},"end":{"line":1037,"column":7}},"304":{"start":{"line":1036,"column":8},"end":{"line":1036,"column":57}},"305":{"start":{"line":1040,"column":4},"end":{"line":1046,"column":5}},"306":{"start":{"line":1041,"column":6},"end":{"line":1041,"column":45}},"307":{"start":{"line":1042,"column":6},"end":{"line":1045,"column":8}},"308":{"start":{"line":1048,"column":4},"end":{"line":1051,"column":6}},"309":{"start":{"line":1053,"column":4},"end":{"line":1053,"column":67}},"310":{"start":{"line":1054,"column":4},"end":{"line":1057,"column":6}},"311":{"start":{"line":1075,"column":2},"end":{"line":1130,"column":3}},"312":{"start":{"line":1077,"column":4},"end":{"line":1082,"column":5}},"313":{"start":{"line":1078,"column":6},"end":{"line":1081,"column":8}},"314":{"start":{"line":1085,"column":4},"end":{"line":1093,"column":5}},"315":{"start":{"line":1086,"column":20},"end":{"line":1086,"column":39}},"316":{"start":{"line":1087,"column":6},"end":{"line":1092,"column":7}},"317":{"start":{"line":1088,"column":8},"end":{"line":1091,"column":10}},"318":{"start":{"line":1095,"column":4},"end":{"line":1103,"column":5}},"319":{"start":{"line":1096,"column":18},"end":{"line":1096,"column":35}},"320":{"start":{"line":1097,"column":6},"end":{"line":1102,"column":7}},"321":{"start":{"line":1098,"column":8},"end":{"line":1101,"column":10}},"322":{"start":{"line":1106,"column":4},"end":{"line":1115,"column":5}},"323":{"start":{"line":1107,"column":20},"end":{"line":1107,"column":39}},"324":{"start":{"line":1108,"column":18},"end":{"line":1108,"column":35}},"325":{"start":{"line":1109,"column":6},"end":{"line":1114,"column":7}},"326":{"start":{"line":1110,"column":8},"end":{"line":1113,"column":10}},"327":{"start":{"line":1118,"column":4},"end":{"line":1118,"column":60}},"328":{"start":{"line":1119,"column":4},"end":{"line":1119,"column":56}},"329":{"start":{"line":1121,"column":4},"end":{"line":1123,"column":6}},"330":{"start":{"line":1125,"column":4},"end":{"line":1125,"column":64}},"331":{"start":{"line":1126,"column":4},"end":{"line":1129,"column":6}},"332":{"start":{"line":1150,"column":2},"end":{"line":1172,"column":3}},"333":{"start":{"line":1152,"column":4},"end":{"line":1160,"column":5}},"334":{"start":{"line":1153,"column":6},"end":{"line":1159,"column":8}},"335":{"start":{"line":1162,"column":4},"end":{"line":1162,"column":28}},"336":{"start":{"line":1164,"column":4},"end":{"line":1164,"column":67}},"337":{"start":{"line":1165,"column":4},"end":{"line":1171,"column":6}},"338":{"start":{"line":1185,"column":2},"end":{"line":1205,"column":3}},"339":{"start":{"line":1186,"column":4},"end":{"line":1191,"column":5}},"340":{"start":{"line":1187,"column":6},"end":{"line":1190,"column":8}},"341":{"start":{"line":1193,"column":19},"end":{"line":1193,"column":45}},"342":{"start":{"line":1194,"column":4},"end":{"line":1198,"column":6}},"343":{"start":{"line":1200,"column":4},"end":{"line":1200,"column":73}},"344":{"start":{"line":1201,"column":4},"end":{"line":1204,"column":6}}},"fnMap":{"0":{"name":"doGet","decl":{"start":{"line":22,"column":9},"end":{"line":22,"column":14}},"loc":{"start":{"line":22,"column":47},"end":{"line":70,"column":1}}},"1":{"name":"getAllEventsForLocationHistory","decl":{"start":{"line":78,"column":9},"end":{"line":78,"column":39}},"loc":{"start":{"line":78,"column":39},"end":{"line":85,"column":1}}},"2":{"name":"getInitData","decl":{"start":{"line":92,"column":9},"end":{"line":92,"column":20}},"loc":{"start":{"line":92,"column":20},"end":{"line":150,"column":1}}},"3":{"name":"(anonymous_3)","decl":{"start":{"line":111,"column":37},"end":{"line":111,"column":38}},"loc":{"start":{"line":111,"column":43},"end":{"line":116,"column":6}}},"4":{"name":"(anonymous_4)","decl":{"start":{"line":122,"column":25},"end":{"line":122,"column":33}},"loc":{"start":{"line":122,"column":36},"end":{"line":127,"column":5}}},"5":{"name":"adminCreateEvent","decl":{"start":{"line":159,"column":9},"end":{"line":159,"column":25}},"loc":{"start":{"line":168,"column":21},"end":{"line":216,"column":1}}},"6":{"name":"adminUpdateEvent","decl":{"start":{"line":226,"column":9},"end":{"line":226,"column":25}},"loc":{"start":{"line":230,"column":21},"end":{"line":267,"column":1}}},"7":{"name":"adminDeleteEvent","decl":{"start":{"line":276,"column":9},"end":{"line":276,"column":25}},"loc":{"start":{"line":279,"column":21},"end":{"line":316,"column":1}}},"8":{"name":"userSubmitResponsesBatch","decl":{"start":{"line":324,"column":9},"end":{"line":324,"column":33}},"loc":{"start":{"line":330,"column":4},"end":{"line":444,"column":1}}},"9":{"name":"(anonymous_9)","decl":{"start":{"line":354,"column":22},"end":{"line":354,"column":23}},"loc":{"start":{"line":354,"column":42},"end":{"line":402,"column":5}}},"10":{"name":"(anonymous_10)","decl":{"start":{"line":410,"column":27},"end":{"line":410,"column":33}},"loc":{"start":{"line":410,"column":36},"end":{"line":412,"column":7}}},"11":{"name":"getMembersList","decl":{"start":{"line":450,"column":9},"end":{"line":450,"column":23}},"loc":{"start":{"line":450,"column":23},"end":{"line":463,"column":1}}},"12":{"name":"(anonymous_12)","decl":{"start":{"line":453,"column":23},"end":{"line":453,"column":24}},"loc":{"start":{"line":453,"column":29},"end":{"line":458,"column":6}}},"13":{"name":"createMember","decl":{"start":{"line":473,"column":9},"end":{"line":473,"column":21}},"loc":{"start":{"line":477,"column":21},"end":{"line":506,"column":1}}},"14":{"name":"updateMember","decl":{"start":{"line":516,"column":9},"end":{"line":516,"column":21}},"loc":{"start":{"line":520,"column":21},"end":{"line":549,"column":1}}},"15":{"name":"deleteMemberAPI","decl":{"start":{"line":556,"column":9},"end":{"line":556,"column":24}},"loc":{"start":{"line":556,"column":40},"end":{"line":584,"column":1}}},"16":{"name":"getEventWithResponses","decl":{"start":{"line":591,"column":9},"end":{"line":591,"column":30}},"loc":{"start":{"line":591,"column":46},"end":{"line":630,"column":1}}},"17":{"name":"getAllEventsWithResponses","decl":{"start":{"line":636,"column":9},"end":{"line":636,"column":34}},"loc":{"start":{"line":636,"column":34},"end":{"line":672,"column":1}}},"18":{"name":"(anonymous_18)","decl":{"start":{"line":651,"column":25},"end":{"line":651,"column":33}},"loc":{"start":{"line":651,"column":36},"end":{"line":656,"column":5}}},"19":{"name":"checkAdminStatus","decl":{"start":{"line":684,"column":9},"end":{"line":684,"column":25}},"loc":{"start":{"line":684,"column":62},"end":{"line":696,"column":1}}},"20":{"name":"syncEvent","decl":{"start":{"line":705,"column":9},"end":{"line":705,"column":18}},"loc":{"start":{"line":705,"column":73},"end":{"line":762,"column":1}}},"21":{"name":"syncAllEvents","decl":{"start":{"line":771,"column":9},"end":{"line":771,"column":22}},"loc":{"start":{"line":771,"column":98},"end":{"line":791,"column":1}}},"22":{"name":"scheduledSyncResponsesToCalendar","decl":{"start":{"line":799,"column":9},"end":{"line":799,"column":41}},"loc":{"start":{"line":799,"column":41},"end":{"line":828,"column":1}}},"23":{"name":"onCalendarUpdate","decl":{"start":{"line":837,"column":9},"end":{"line":837,"column":25}},"loc":{"start":{"line":837,"column":25},"end":{"line":852,"column":1}}},"24":{"name":"scheduledCleanupUnlinkedResponses","decl":{"start":{"line":858,"column":9},"end":{"line":858,"column":42}},"loc":{"start":{"line":858,"column":42},"end":{"line":866,"column":1}}},"25":{"name":"syncResponsesDiffToCalendar","decl":{"start":{"line":875,"column":9},"end":{"line":875,"column":36}},"loc":{"start":{"line":876,"column":34},"end":{"line":1014,"column":1}}},"26":{"name":"getCalendarIdForSharing","decl":{"start":{"line":1022,"column":9},"end":{"line":1022,"column":32}},"loc":{"start":{"line":1022,"column":32},"end":{"line":1059,"column":1}}},"27":{"name":"adminSetDisplayPeriod","decl":{"start":{"line":1069,"column":9},"end":{"line":1069,"column":30}},"loc":{"start":{"line":1073,"column":21},"end":{"line":1131,"column":1}}},"28":{"name":"adminCleanupAllData","decl":{"start":{"line":1140,"column":9},"end":{"line":1140,"column":28}},"loc":{"start":{"line":1142,"column":21},"end":{"line":1173,"column":1}}},"29":{"name":"adminCleanupUnlinkedResponses","decl":{"start":{"line":1181,"column":9},"end":{"line":1181,"column":38}},"loc":{"start":{"line":1183,"column":21},"end":{"line":1206,"column":1}}}},"branchMap":{"0":{"loc":{"start":{"line":40,"column":2},"end":{"line":67,"column":3}},"type":"if","locations":[{"start":{"line":40,"column":2},"end":{"line":67,"column":3}},{"start":{},"end":{}}]},"1":{"loc":{"start":{"line":99,"column":19},"end":{"line":99,"column":49}},"type":"binary-expr","locations":[{"start":{"line":99,"column":19},"end":{"line":99,"column":43}},{"start":{"line":99,"column":47},"end":{"line":99,"column":49}}]},"2":{"loc":{"start":{"line":100,"column":19},"end":{"line":100,"column":56}},"type":"binary-expr","locations":[{"start":{"line":100,"column":19},"end":{"line":100,"column":43}},{"start":{"line":100,"column":47},"end":{"line":100,"column":56}}]},"3":{"loc":{"start":{"line":103,"column":26},"end":{"line":103,"column":63}},"type":"binary-expr","locations":[{"start":{"line":103,"column":26},"end":{"line":103,"column":57}},{"start":{"line":103,"column":61},"end":{"line":103,"column":63}}]},"4":{"loc":{"start":{"line":104,"column":24},"end":{"line":104,"column":59}},"type":"binary-expr","locations":[{"start":{"line":104,"column":24},"end":{"line":104,"column":53}},{"start":{"line":104,"column":57},"end":{"line":104,"column":59}}]},"5":{"loc":{"start":{"line":123,"column":6},"end":{"line":125,"column":7}},"type":"if","locations":[{"start":{"line":123,"column":6},"end":{"line":125,"column":7}},{"start":{},"end":{}}]},"6":{"loc":{"start":{"line":172,"column":4},"end":{"line":177,"column":5}},"type":"if","locations":[{"start":{"line":172,"column":4},"end":{"line":177,"column":5}},{"start":{},"end":{}}]},"7":{"loc":{"start":{"line":172,"column":8},"end":{"line":172,"column":48}},"type":"binary-expr","locations":[{"start":{"line":172,"column":8},"end":{"line":172,"column":15}},{"start":{"line":172,"column":19},"end":{"line":172,"column":48}}]},"8":{"loc":{"start":{"line":179,"column":4},"end":{"line":184,"column":5}},"type":"if","locations":[{"start":{"line":179,"column":4},"end":{"line":184,"column":5}},{"start":{},"end":{}}]},"9":{"loc":{"start":{"line":179,"column":8},"end":{"line":179,"column":76}},"type":"binary-expr","locations":[{"start":{"line":179,"column":8},"end":{"line":179,"column":18}},{"start":{"line":179,"column":22},"end":{"line":179,"column":38}},{"start":{"line":179,"column":42},"end":{"line":179,"column":58}},{"start":{"line":179,"column":62},"end":{"line":179,"column":76}}]},"10":{"loc":{"start":{"line":194,"column":4},"end":{"line":208,"column":5}},"type":"if","locations":[{"start":{"line":194,"column":4},"end":{"line":208,"column":5}},{"start":{"line":203,"column":11},"end":{"line":208,"column":5}}]},"11":{"loc":{"start":{"line":201,"column":15},"end":{"line":201,"column":33}},"type":"binary-expr","locations":[{"start":{"line":201,"column":15},"end":{"line":201,"column":20}},{"start":{"line":201,"column":24},"end":{"line":201,"column":33}}]},"12":{"loc":{"start":{"line":234,"column":4},"end":{"line":239,"column":5}},"type":"if","locations":[{"start":{"line":234,"column":4},"end":{"line":239,"column":5}},{"start":{},"end":{}}]},"13":{"loc":{"start":{"line":234,"column":8},"end":{"line":234,"column":48}},"type":"binary-expr","locations":[{"start":{"line":234,"column":8},"end":{"line":234,"column":15}},{"start":{"line":234,"column":19},"end":{"line":234,"column":48}}]},"14":{"loc":{"start":{"line":241,"column":4},"end":{"line":246,"column":5}},"type":"if","locations":[{"start":{"line":241,"column":4},"end":{"line":246,"column":5}},{"start":{},"end":{}}]},"15":{"loc":{"start":{"line":250,"column":4},"end":{"line":259,"column":5}},"type":"if","locations":[{"start":{"line":250,"column":4},"end":{"line":259,"column":5}},{"start":{"line":254,"column":11},"end":{"line":259,"column":5}}]},"16":{"loc":{"start":{"line":283,"column":4},"end":{"line":288,"column":5}},"type":"if","locations":[{"start":{"line":283,"column":4},"end":{"line":288,"column":5}},{"start":{},"end":{}}]},"17":{"loc":{"start":{"line":283,"column":8},"end":{"line":283,"column":48}},"type":"binary-expr","locations":[{"start":{"line":283,"column":8},"end":{"line":283,"column":15}},{"start":{"line":283,"column":19},"end":{"line":283,"column":48}}]},"18":{"loc":{"start":{"line":290,"column":4},"end":{"line":295,"column":5}},"type":"if","locations":[{"start":{"line":290,"column":4},"end":{"line":295,"column":5}},{"start":{},"end":{}}]},"19":{"loc":{"start":{"line":299,"column":4},"end":{"line":308,"column":5}},"type":"if","locations":[{"start":{"line":299,"column":4},"end":{"line":308,"column":5}},{"start":{"line":303,"column":11},"end":{"line":308,"column":5}}]},"20":{"loc":{"start":{"line":357,"column":8},"end":{"line":361,"column":9}},"type":"if","locations":[{"start":{"line":357,"column":8},"end":{"line":361,"column":9}},{"start":{},"end":{}}]},"21":{"loc":{"start":{"line":357,"column":12},"end":{"line":357,"column":50}},"type":"binary-expr","locations":[{"start":{"line":357,"column":12},"end":{"line":357,"column":29}},{"start":{"line":357,"column":33},"end":{"line":357,"column":50}}]},"22":{"loc":{"start":{"line":363,"column":8},"end":{"line":367,"column":9}},"type":"if","locations":[{"start":{"line":363,"column":8},"end":{"line":367,"column":9}},{"start":{},"end":{}}]},"23":{"loc":{"start":{"line":363,"column":12},"end":{"line":363,"column":116}},"type":"binary-expr","locations":[{"start":{"line":363,"column":12},"end":{"line":363,"column":35}},{"start":{"line":363,"column":39},"end":{"line":363,"column":62}},{"start":{"line":363,"column":66},"end":{"line":363,"column":89}},{"start":{"line":363,"column":93},"end":{"line":363,"column":116}}]},"24":{"loc":{"start":{"line":372,"column":8},"end":{"line":395,"column":9}},"type":"if","locations":[{"start":{"line":372,"column":8},"end":{"line":395,"column":9}},{"start":{"line":385,"column":15},"end":{"line":395,"column":9}}]},"25":{"loc":{"start":{"line":380,"column":14},"end":{"line":380,"column":36}},"type":"binary-expr","locations":[{"start":{"line":380,"column":14},"end":{"line":380,"column":30}},{"start":{"line":380,"column":34},"end":{"line":380,"column":36}}]},"26":{"loc":{"start":{"line":391,"column":12},"end":{"line":391,"column":34}},"type":"binary-expr","locations":[{"start":{"line":391,"column":12},"end":{"line":391,"column":28}},{"start":{"line":391,"column":32},"end":{"line":391,"column":34}}]},"27":{"loc":{"start":{"line":405,"column":4},"end":{"line":432,"column":5}},"type":"if","locations":[{"start":{"line":405,"column":4},"end":{"line":432,"column":5}},{"start":{},"end":{}}]},"28":{"loc":{"start":{"line":405,"column":8},"end":{"line":405,"column":55}},"type":"binary-expr","locations":[{"start":{"line":405,"column":8},"end":{"line":405,"column":31}},{"start":{"line":405,"column":35},"end":{"line":405,"column":55}}]},"29":{"loc":{"start":{"line":415,"column":6},"end":{"line":417,"column":7}},"type":"if","locations":[{"start":{"line":415,"column":6},"end":{"line":417,"column":7}},{"start":{},"end":{}}]},"30":{"loc":{"start":{"line":421,"column":6},"end":{"line":431,"column":7}},"type":"if","locations":[{"start":{"line":421,"column":6},"end":{"line":431,"column":7}},{"start":{},"end":{}}]},"31":{"loc":{"start":{"line":480,"column":4},"end":{"line":485,"column":5}},"type":"if","locations":[{"start":{"line":480,"column":4},"end":{"line":485,"column":5}},{"start":{},"end":{}}]},"32":{"loc":{"start":{"line":480,"column":8},"end":{"line":480,"column":50}},"type":"binary-expr","locations":[{"start":{"line":480,"column":8},"end":{"line":480,"column":16}},{"start":{"line":480,"column":20},"end":{"line":480,"column":25}},{"start":{"line":480,"column":29},"end":{"line":480,"column":34}},{"start":{"line":480,"column":38},"end":{"line":480,"column":50}}]},"33":{"loc":{"start":{"line":489,"column":4},"end":{"line":498,"column":5}},"type":"if","locations":[{"start":{"line":489,"column":4},"end":{"line":498,"column":5}},{"start":{"line":493,"column":11},"end":{"line":498,"column":5}}]},"34":{"loc":{"start":{"line":523,"column":4},"end":{"line":528,"column":5}},"type":"if","locations":[{"start":{"line":523,"column":4},"end":{"line":528,"column":5}},{"start":{},"end":{}}]},"35":{"loc":{"start":{"line":523,"column":8},"end":{"line":523,"column":50}},"type":"binary-expr","locations":[{"start":{"line":523,"column":8},"end":{"line":523,"column":16}},{"start":{"line":523,"column":20},"end":{"line":523,"column":25}},{"start":{"line":523,"column":29},"end":{"line":523,"column":34}},{"start":{"line":523,"column":38},"end":{"line":523,"column":50}}]},"36":{"loc":{"start":{"line":532,"column":4},"end":{"line":541,"column":5}},"type":"if","locations":[{"start":{"line":532,"column":4},"end":{"line":541,"column":5}},{"start":{"line":536,"column":11},"end":{"line":541,"column":5}}]},"37":{"loc":{"start":{"line":558,"column":4},"end":{"line":563,"column":5}},"type":"if","locations":[{"start":{"line":558,"column":4},"end":{"line":563,"column":5}},{"start":{},"end":{}}]},"38":{"loc":{"start":{"line":567,"column":4},"end":{"line":576,"column":5}},"type":"if","locations":[{"start":{"line":567,"column":4},"end":{"line":576,"column":5}},{"start":{"line":571,"column":11},"end":{"line":576,"column":5}}]},"39":{"loc":{"start":{"line":599,"column":4},"end":{"line":604,"column":5}},"type":"if","locations":[{"start":{"line":599,"column":4},"end":{"line":604,"column":5}},{"start":{},"end":{}}]},"40":{"loc":{"start":{"line":607,"column":4},"end":{"line":612,"column":5}},"type":"if","locations":[{"start":{"line":607,"column":4},"end":{"line":612,"column":5}},{"start":{},"end":{}}]},"41":{"loc":{"start":{"line":652,"column":6},"end":{"line":654,"column":7}},"type":"if","locations":[{"start":{"line":652,"column":6},"end":{"line":654,"column":7}},{"start":{},"end":{}}]},"42":{"loc":{"start":{"line":687,"column":4},"end":{"line":689,"column":5}},"type":"if","locations":[{"start":{"line":687,"column":4},"end":{"line":689,"column":5}},{"start":{},"end":{}}]},"43":{"loc":{"start":{"line":691,"column":19},"end":{"line":691,"column":32}},"type":"binary-expr","locations":[{"start":{"line":691,"column":19},"end":{"line":691,"column":26}},{"start":{"line":691,"column":30},"end":{"line":691,"column":32}}]},"44":{"loc":{"start":{"line":708,"column":4},"end":{"line":713,"column":5}},"type":"if","locations":[{"start":{"line":708,"column":4},"end":{"line":713,"column":5}},{"start":{},"end":{}}]},"45":{"loc":{"start":{"line":708,"column":8},"end":{"line":708,"column":48}},"type":"binary-expr","locations":[{"start":{"line":708,"column":8},"end":{"line":708,"column":15}},{"start":{"line":708,"column":19},"end":{"line":708,"column":48}}]},"46":{"loc":{"start":{"line":715,"column":4},"end":{"line":720,"column":5}},"type":"if","locations":[{"start":{"line":715,"column":4},"end":{"line":720,"column":5}},{"start":{},"end":{}}]},"47":{"loc":{"start":{"line":723,"column":4},"end":{"line":728,"column":5}},"type":"if","locations":[{"start":{"line":723,"column":4},"end":{"line":728,"column":5}},{"start":{},"end":{}}]},"48":{"loc":{"start":{"line":734,"column":6},"end":{"line":746,"column":7}},"type":"if","locations":[{"start":{"line":734,"column":6},"end":{"line":746,"column":7}},{"start":{"line":741,"column":13},"end":{"line":746,"column":7}}]},"49":{"loc":{"start":{"line":739,"column":22},"end":{"line":739,"column":73}},"type":"binary-expr","locations":[{"start":{"line":739,"column":22},"end":{"line":739,"column":45}},{"start":{"line":739,"column":49},"end":{"line":739,"column":73}}]},"50":{"loc":{"start":{"line":739,"column":22},"end":{"line":739,"column":45}},"type":"cond-expr","locations":[{"start":{"line":739,"column":33},"end":{"line":739,"column":35}},{"start":{"line":739,"column":22},"end":{"line":739,"column":45}}]},"51":{"loc":{"start":{"line":739,"column":22},"end":{"line":739,"column":35}},"type":"binary-expr","locations":[{"start":{"line":739,"column":22},"end":{"line":739,"column":35}},{"start":{"line":739,"column":22},"end":{"line":739,"column":35}}]},"52":{"loc":{"start":{"line":771,"column":62},"end":{"line":771,"column":98}},"type":"default-arg","locations":[{"start":{"line":771,"column":94},"end":{"line":771,"column":98}}]},"53":{"loc":{"start":{"line":774,"column":4},"end":{"line":780,"column":5}},"type":"if","locations":[{"start":{"line":774,"column":4},"end":{"line":780,"column":5}},{"start":{},"end":{}}]},"54":{"loc":{"start":{"line":774,"column":8},"end":{"line":774,"column":48}},"type":"binary-expr","locations":[{"start":{"line":774,"column":8},"end":{"line":774,"column":15}},{"start":{"line":774,"column":19},"end":{"line":774,"column":48}}]},"55":{"loc":{"start":{"line":810,"column":4},"end":{"line":817,"column":5}},"type":"if","locations":[{"start":{"line":810,"column":4},"end":{"line":817,"column":5}},{"start":{},"end":{}}]},"56":{"loc":{"start":{"line":814,"column":6},"end":{"line":816,"column":7}},"type":"if","locations":[{"start":{"line":814,"column":6},"end":{"line":816,"column":7}},{"start":{},"end":{}}]},"57":{"loc":{"start":{"line":845,"column":4},"end":{"line":847,"column":5}},"type":"if","locations":[{"start":{"line":845,"column":4},"end":{"line":847,"column":5}},{"start":{},"end":{}}]},"58":{"loc":{"start":{"line":890,"column":4},"end":{"line":892,"column":5}},"type":"if","locations":[{"start":{"line":890,"column":4},"end":{"line":892,"column":5}},{"start":{},"end":{}}]},"59":{"loc":{"start":{"line":895,"column":21},"end":{"line":895,"column":75}},"type":"cond-expr","locations":[{"start":{"line":895,"column":41},"end":{"line":895,"column":68}},{"start":{"line":895,"column":71},"end":{"line":895,"column":75}}]},"60":{"loc":{"start":{"line":905,"column":6},"end":{"line":907,"column":7}},"type":"if","locations":[{"start":{"line":905,"column":6},"end":{"line":907,"column":7}},{"start":{},"end":{}}]},"61":{"loc":{"start":{"line":905,"column":10},"end":{"line":905,"column":35}},"type":"binary-expr","locations":[{"start":{"line":905,"column":10},"end":{"line":905,"column":18}},{"start":{"line":905,"column":22},"end":{"line":905,"column":35}}]},"62":{"loc":{"start":{"line":913,"column":8},"end":{"line":916,"column":9}},"type":"if","locations":[{"start":{"line":913,"column":8},"end":{"line":916,"column":9}},{"start":{},"end":{}}]},"63":{"loc":{"start":{"line":923,"column":6},"end":{"line":925,"column":7}},"type":"if","locations":[{"start":{"line":923,"column":6},"end":{"line":925,"column":7}},{"start":{},"end":{}}]},"64":{"loc":{"start":{"line":923,"column":10},"end":{"line":923,"column":43}},"type":"binary-expr","locations":[{"start":{"line":923,"column":10},"end":{"line":923,"column":19}},{"start":{"line":923,"column":23},"end":{"line":923,"column":43}}]},"65":{"loc":{"start":{"line":928,"column":4},"end":{"line":930,"column":5}},"type":"if","locations":[{"start":{"line":928,"column":4},"end":{"line":930,"column":5}},{"start":{},"end":{}}]},"66":{"loc":{"start":{"line":936,"column":4},"end":{"line":941,"column":5}},"type":"if","locations":[{"start":{"line":936,"column":4},"end":{"line":941,"column":5}},{"start":{},"end":{}}]},"67":{"loc":{"start":{"line":948,"column":8},"end":{"line":952,"column":9}},"type":"if","locations":[{"start":{"line":948,"column":8},"end":{"line":952,"column":9}},{"start":{},"end":{}}]},"68":{"loc":{"start":{"line":955,"column":8},"end":{"line":992,"column":9}},"type":"if","locations":[{"start":{"line":955,"column":8},"end":{"line":992,"column":9}},{"start":{},"end":{}}]},"69":{"loc":{"start":{"line":958,"column":12},"end":{"line":987,"column":13}},"type":"if","locations":[{"start":{"line":958,"column":12},"end":{"line":987,"column":13}},{"start":{},"end":{}}]},"70":{"loc":{"start":{"line":960,"column":38},"end":{"line":960,"column":97}},"type":"cond-expr","locations":[{"start":{"line":960,"column":57},"end":{"line":960,"column":83}},{"start":{"line":960,"column":86},"end":{"line":960,"column":97}}]},"71":{"loc":{"start":{"line":963,"column":14},"end":{"line":986,"column":15}},"type":"if","locations":[{"start":{"line":963,"column":14},"end":{"line":986,"column":15}},{"start":{},"end":{}}]},"72":{"loc":{"start":{"line":965,"column":44},"end":{"line":965,"column":80}},"type":"binary-expr","locations":[{"start":{"line":965,"column":44},"end":{"line":965,"column":74}},{"start":{"line":965,"column":78},"end":{"line":965,"column":80}}]},"73":{"loc":{"start":{"line":968,"column":16},"end":{"line":970,"column":17}},"type":"if","locations":[{"start":{"line":968,"column":16},"end":{"line":970,"column":17}},{"start":{},"end":{}}]},"74":{"loc":{"start":{"line":980,"column":28},"end":{"line":980,"column":61}},"type":"binary-expr","locations":[{"start":{"line":980,"column":28},"end":{"line":980,"column":55}},{"start":{"line":980,"column":59},"end":{"line":980,"column":61}}]},"75":{"loc":{"start":{"line":1030,"column":4},"end":{"line":1038,"column":5}},"type":"if","locations":[{"start":{"line":1030,"column":4},"end":{"line":1038,"column":5}},{"start":{},"end":{}}]},"76":{"loc":{"start":{"line":1034,"column":6},"end":{"line":1037,"column":7}},"type":"if","locations":[{"start":{"line":1034,"column":6},"end":{"line":1037,"column":7}},{"start":{},"end":{}}]},"77":{"loc":{"start":{"line":1040,"column":4},"end":{"line":1046,"column":5}},"type":"if","locations":[{"start":{"line":1040,"column":4},"end":{"line":1046,"column":5}},{"start":{},"end":{}}]},"78":{"loc":{"start":{"line":1077,"column":4},"end":{"line":1082,"column":5}},"type":"if","locations":[{"start":{"line":1077,"column":4},"end":{"line":1082,"column":5}},{"start":{},"end":{}}]},"79":{"loc":{"start":{"line":1077,"column":8},"end":{"line":1077,"column":48}},"type":"binary-expr","locations":[{"start":{"line":1077,"column":8},"end":{"line":1077,"column":15}},{"start":{"line":1077,"column":19},"end":{"line":1077,"column":48}}]},"80":{"loc":{"start":{"line":1085,"column":4},"end":{"line":1093,"column":5}},"type":"if","locations":[{"start":{"line":1085,"column":4},"end":{"line":1093,"column":5}},{"start":{},"end":{}}]},"81":{"loc":{"start":{"line":1085,"column":8},"end":{"line":1085,"column":44}},"type":"binary-expr","locations":[{"start":{"line":1085,"column":8},"end":{"line":1085,"column":17}},{"start":{"line":1085,"column":21},"end":{"line":1085,"column":44}}]},"82":{"loc":{"start":{"line":1087,"column":6},"end":{"line":1092,"column":7}},"type":"if","locations":[{"start":{"line":1087,"column":6},"end":{"line":1092,"column":7}},{"start":{},"end":{}}]},"83":{"loc":{"start":{"line":1095,"column":4},"end":{"line":1103,"column":5}},"type":"if","locations":[{"start":{"line":1095,"column":4},"end":{"line":1103,"column":5}},{"start":{},"end":{}}]},"84":{"loc":{"start":{"line":1095,"column":8},"end":{"line":1095,"column":40}},"type":"binary-expr","locations":[{"start":{"line":1095,"column":8},"end":{"line":1095,"column":15}},{"start":{"line":1095,"column":19},"end":{"line":1095,"column":40}}]},"85":{"loc":{"start":{"line":1097,"column":6},"end":{"line":1102,"column":7}},"type":"if","locations":[{"start":{"line":1097,"column":6},"end":{"line":1102,"column":7}},{"start":{},"end":{}}]},"86":{"loc":{"start":{"line":1106,"column":4},"end":{"line":1115,"column":5}},"type":"if","locations":[{"start":{"line":1106,"column":4},"end":{"line":1115,"column":5}},{"start":{},"end":{}}]},"87":{"loc":{"start":{"line":1106,"column":8},"end":{"line":1106,"column":80}},"type":"binary-expr","locations":[{"start":{"line":1106,"column":8},"end":{"line":1106,"column":17}},{"start":{"line":1106,"column":21},"end":{"line":1106,"column":44}},{"start":{"line":1106,"column":48},"end":{"line":1106,"column":55}},{"start":{"line":1106,"column":59},"end":{"line":1106,"column":80}}]},"88":{"loc":{"start":{"line":1109,"column":6},"end":{"line":1114,"column":7}},"type":"if","locations":[{"start":{"line":1109,"column":6},"end":{"line":1114,"column":7}},{"start":{},"end":{}}]},"89":{"loc":{"start":{"line":1118,"column":36},"end":{"line":1118,"column":58}},"type":"binary-expr","locations":[{"start":{"line":1118,"column":36},"end":{"line":1118,"column":52}},{"start":{"line":1118,"column":56},"end":{"line":1118,"column":58}}]},"90":{"loc":{"start":{"line":1119,"column":34},"end":{"line":1119,"column":54}},"type":"binary-expr","locations":[{"start":{"line":1119,"column":34},"end":{"line":1119,"column":48}},{"start":{"line":1119,"column":52},"end":{"line":1119,"column":54}}]},"91":{"loc":{"start":{"line":1152,"column":4},"end":{"line":1160,"column":5}},"type":"if","locations":[{"start":{"line":1152,"column":4},"end":{"line":1160,"column":5}},{"start":{},"end":{}}]},"92":{"loc":{"start":{"line":1152,"column":8},"end":{"line":1152,"column":48}},"type":"binary-expr","locations":[{"start":{"line":1152,"column":8},"end":{"line":1152,"column":15}},{"start":{"line":1152,"column":19},"end":{"line":1152,"column":48}}]},"93":{"loc":{"start":{"line":1186,"column":4},"end":{"line":1191,"column":5}},"type":"if","locations":[{"start":{"line":1186,"column":4},"end":{"line":1191,"column":5}},{"start":{},"end":{}}]},"94":{"loc":{"start":{"line":1186,"column":8},"end":{"line":1186,"column":48}},"type":"binary-expr","locations":[{"start":{"line":1186,"column":8},"end":{"line":1186,"column":15}},{"start":{"line":1186,"column":19},"end":{"line":1186,"column":48}}]}},"s":{"0":0,"1":0,"2":0,"3":0,"4":0,"5":0,"6":0,"7":0,"8":0,"9":0,"10":0,"11":0,"12":0,"13":0,"14":0,"15":0,"16":0,"17":0,"18":0,"19":0,"20":0,"21":0,"22":0,"23":0,"24":0,"25":0,"26":0,"27":0,"28":0,"29":0,"30":0,"31":0,"32":0,"33":0,"34":0,"35":0,"36":0,"37":0,"38":0,"39":0,"40":0,"41":0,"42":0,"43":0,"44":0,"45":0,"46":0,"47":0,"48":0,"49":0,"50":0,"51":0,"52":0,"53":0,"54":0,"55":0,"56":0,"57":0,"58":0,"59":0,"60":0,"61":0,"62":0,"63":0,"64":0,"65":0,"66":0,"67":0,"68":0,"69":0,"70":0,"71":0,"72":0,"73":0,"74":0,"75":0,"76":0,"77":0,"78":0,"79":0,"80":0,"81":0,"82":0,"83":0,"84":0,"85":0,"86":0,"87":0,"88":0,"89":0,"90":0,"91":0,"92":0,"93":0,"94":0,"95":0,"96":0,"97":0,"98":0,"99":0,"100":0,"101":0,"102":0,"103":0,"104":0,"105":0,"106":0,"107":0,"108":0,"109":0,"110":0,"111":0,"112":0,"113":0,"114":0,"115":0,"116":0,"117":0,"118":0,"119":0,"120":0,"121":0,"122":0,"123":0,"124":0,"125":0,"126":0,"127":0,"128":0,"129":0,"130":0,"131":0,"132":0,"133":0,"134":0,"135":0,"136":0,"137":0,"138":0,"139":0,"140":0,"141":0,"142":0,"143":0,"144":0,"145":0,"146":0,"147":0,"148":0,"149":0,"150":0,"151":0,"152":0,"153":0,"154":0,"155":0,"156":0,"157":0,"158":0,"159":0,"160":0,"161":0,"162":0,"163":0,"164":0,"165":0,"166":0,"167":0,"168":0,"169":0,"170":0,"171":0,"172":0,"173":0,"174":0,"175":0,"176":0,"177":0,"178":0,"179":0,"180":0,"181":0,"182":0,"183":0,"184":0,"185":0,"186":0,"187":0,"188":0,"189":0,"190":0,"191":0,"192":0,"193":0,"194":0,"195":0,"196":0,"197":0,"198":0,"199":0,"200":0,"201":0,"202":0,"203":0,"204":0,"205":0,"206":0,"207":0,"208":0,"209":0,"210":0,"211":0,"212":0,"213":0,"214":0,"215":0,"216":0,"217":0,"218":0,"219":0,"220":0,"221":0,"222":0,"223":0,"224":0,"225":0,"226":0,"227":0,"228":0,"229":0,"230":0,"231":0,"232":0,"233":0,"234":0,"235":0,"236":0,"237":0,"238":0,"239":0,"240":0,"241":0,"242":0,"243":0,"244":0,"245":0,"246":0,"247":0,"248":0,"249":0,"250":0,"251":0,"252":0,"253":0,"254":0,"255":0,"256":0,"257":0,"258":0,"259":0,"260":0,"261":0,"262":0,"263":0,"264":0,"265":0,"266":0,"267":0,"268":0,"269":0,"270":0,"271":0,"272":0,"273":0,"274":0,"275":0,"276":0,"277":0,"278":0,"279":0,"280":0,"281":0,"282":0,"283":0,"284":0,"285":0,"286":0,"287":0,"288":0,"289":0,"290":0,"291":0,"292":0,"293":0,"294":0,"295":0,"296":0,"297":0,"298":0,"299":0,"300":0,"301":0,"302":0,"303":0,"304":0,"305":0,"306":0,"307":0,"308":0,"309":0,"310":0,"311":0,"312":0,"313":0,"314":0,"315":0,"316":0,"317":0,"318":0,"319":0,"320":0,"321":0,"322":0,"323":0,"324":0,"325":0,"326":0,"327":0,"328":0,"329":0,"330":0,"331":0,"332":0,"333":0,"334":0,"335":0,"336":0,"337":0,"338":0,"339":0,"340":0,"341":0,"342":0,"343":0,"344":0},"f":{"0":0,"1":0,"2":0,"3":0,"4":0,"5":0,"6":0,"7":0,"8":0,"9":0,"10":0,"11":0,"12":0,"13":0,"14":0,"15":0,"16":0,"17":0,"18":0,"19":0,"20":0,"21":0,"22":0,"23":0,"24":0,"25":0,"26":0,"27":0,"28":0,"29":0},"b":{"0":[0,0],"1":[0,0],"2":[0,0],"3":[0,0],"4":[0,0],"5":[0,0],"6":[0,0],"7":[0,0],"8":[0,0],"9":[0,0,0,0],"10":[0,0],"11":[0,0],"12":[0,0],"13":[0,0],"14":[0,0],"15":[0,0],"16":[0,0],"17":[0,0],"18":[0,0],"19":[0,0],"20":[0,0],"21":[0,0],"22":[0,0],"23":[0,0,0,0],"24":[0,0],"25":[0,0],"26":[0,0],"27":[0,0],"28":[0,0],"29":[0,0],"30":[0,0],"31":[0,0],"32":[0,0,0,0],"33":[0,0],"34":[0,0],"35":[0,0,0,0],"36":[0,0],"37":[0,0],"38":[0,0],"39":[0,0],"40":[0,0],"41":[0,0],"42":[0,0],"43":[0,0],"44":[0,0],"45":[0,0],"46":[0,0],"47":[0,0],"48":[0,0],"49":[0,0],"50":[0,0],"51":[0,0],"52":[0],"53":[0,0],"54":[0,0],"55":[0,0],"56":[0,0],"57":[0,0],"58":[0,0],"59":[0,0],"60":[0,0],"61":[0,0],"62":[0,0],"63":[0,0],"64":[0,0],"65":[0,0],"66":[0,0],"67":[0,0],"68":[0,0],"69":[0,0],"70":[0,0],"71":[0,0],"72":[0,0],"73":[0,0],"74":[0,0],"75":[0,0],"76":[0,0],"77":[0,0],"78":[0,0],"79":[0,0],"80":[0,0],"81":[0,0],"82":[0,0],"83":[0,0],"84":[0,0],"85":[0,0],"86":[0,0],"87":[0,0,0,0],"88":[0,0],"89":[0,0],"90":[0,0],"91":[0,0],"92":[0,0],"93":[0,0],"94":[0,0]}}
,"/home/shotaste/git/union-board/src/server/auth.ts": {"path":"/home/shotaste/git/union-board/src/server/auth.ts","statementMap":{"0":{"start":{"line":16,"column":2},"end":{"line":31,"column":3}},"1":{"start":{"line":18,"column":4},"end":{"line":21,"column":5}},"2":{"start":{"line":19,"column":6},"end":{"line":19,"column":43}},"3":{"start":{"line":20,"column":6},"end":{"line":20,"column":18}},"4":{"start":{"line":24,"column":20},"end":{"line":24,"column":54}},"5":{"start":{"line":25,"column":4},"end":{"line":25,"column":19}},"6":{"start":{"line":28,"column":4},"end":{"line":28,"column":62}},"7":{"start":{"line":29,"column":4},"end":{"line":29,"column":39}},"8":{"start":{"line":30,"column":4},"end":{"line":30,"column":16}},"9":{"start":{"line":41,"column":2},"end":{"line":52,"column":3}},"10":{"start":{"line":43,"column":4},"end":{"line":45,"column":5}},"11":{"start":{"line":44,"column":6},"end":{"line":44,"column":19}},"12":{"start":{"line":47,"column":4},"end":{"line":47,"column":40}},"13":{"start":{"line":50,"column":4},"end":{"line":50,"column":63}},"14":{"start":{"line":51,"column":4},"end":{"line":51,"column":17}},"15":{"start":{"line":61,"column":2},"end":{"line":71,"column":3}},"16":{"start":{"line":62,"column":4},"end":{"line":64,"column":5}},"17":{"start":{"line":63,"column":6},"end":{"line":63,"column":19}},"18":{"start":{"line":66,"column":23},"end":{"line":66,"column":51}},"19":{"start":{"line":67,"column":4},"end":{"line":67,"column":53}},"20":{"start":{"line":69,"column":4},"end":{"line":69,"column":67}},"21":{"start":{"line":70,"column":4},"end":{"line":70,"column":17}}},"fnMap":{"0":{"name":"authenticate","decl":{"start":{"line":15,"column":9},"end":{"line":15,"column":21}},"loc":{"start":{"line":15,"column":53},"end":{"line":32,"column":1}}},"1":{"name":"isAdmin","decl":{"start":{"line":40,"column":9},"end":{"line":40,"column":16}},"loc":{"start":{"line":40,"column":53},"end":{"line":53,"column":1}}},"2":{"name":"verifyAdminToken","decl":{"start":{"line":60,"column":9},"end":{"line":60,"column":25}},"loc":{"start":{"line":60,"column":39},"end":{"line":72,"column":1}}}},"branchMap":{"0":{"loc":{"start":{"line":18,"column":4},"end":{"line":21,"column":5}},"type":"if","locations":[{"start":{"line":18,"column":4},"end":{"line":21,"column":5}},{"start":{},"end":{}}]},"1":{"loc":{"start":{"line":18,"column":8},"end":{"line":18,"column":61}},"type":"binary-expr","locations":[{"start":{"line":18,"column":8},"end":{"line":18,"column":26}},{"start":{"line":18,"column":30},"end":{"line":18,"column":61}}]},"2":{"loc":{"start":{"line":43,"column":4},"end":{"line":45,"column":5}},"type":"if","locations":[{"start":{"line":43,"column":4},"end":{"line":45,"column":5}},{"start":{},"end":{}}]},"3":{"loc":{"start":{"line":62,"column":4},"end":{"line":64,"column":5}},"type":"if","locations":[{"start":{"line":62,"column":4},"end":{"line":64,"column":5}},{"start":{},"end":{}}]},"4":{"loc":{"start":{"line":62,"column":8},"end":{"line":62,"column":37}},"type":"binary-expr","locations":[{"start":{"line":62,"column":8},"end":{"line":62,"column":14}},{"start":{"line":62,"column":18},"end":{"line":62,"column":37}}]},"5":{"loc":{"start":{"line":67,"column":11},"end":{"line":67,"column":52}},"type":"binary-expr","locations":[{"start":{"line":67,"column":11},"end":{"line":67,"column":28}},{"start":{"line":67,"column":32},"end":{"line":67,"column":52}}]}},"s":{"0":0,"1":0,"2":0,"3":0,"4":0,"5":0,"6":0,"7":0,"8":0,"9":0,"10":0,"11":0,"12":0,"13":0,"14":0,"15":0,"16":0,"17":0,"18":0,"19":0,"20":0,"21":0},"f":{"0":0,"1":0,"2":0},"b":{"0":[0,0],"1":[0,0],"2":[0,0],"3":[0,0],"4":[0,0],"5":[0,0]}}
,"/home/shotaste/git/union-board/src/server/calendar-helper.ts": {"path":"/home/shotaste/git/union-board/src/server/calendar-helper.ts","statementMap":{"0":{"start":{"line":10,"column":20},"end":{"line":10,"column":35}},"1":{"start":{"line":11,"column":18},"end":{"line":11,"column":31}},"2":{"start":{"line":14,"column":20},"end":{"line":14,"column":38}},"3":{"start":{"line":15,"column":23},"end":{"line":15,"column":54}},"4":{"start":{"line":16,"column":21},"end":{"line":16,"column":50}},"5":{"start":{"line":17,"column":19},"end":{"line":17,"column":41}},"6":{"start":{"line":18,"column":17},"end":{"line":18,"column":37}},"7":{"start":{"line":21,"column":20},"end":{"line":21,"column":42}},"8":{"start":{"line":22,"column":22},"end":{"line":22,"column":46}},"9":{"start":{"line":23,"column":22},"end":{"line":23,"column":46}},"10":{"start":{"line":24,"column":18},"end":{"line":24,"column":38}},"11":{"start":{"line":25,"column":20},"end":{"line":25,"column":42}},"12":{"start":{"line":26,"column":20},"end":{"line":26,"column":42}},"13":{"start":{"line":29,"column":24},"end":{"line":29,"column":116}},"14":{"start":{"line":30,"column":22},"end":{"line":30,"column":108}},"15":{"start":{"line":31,"column":20},"end":{"line":31,"column":69}},"16":{"start":{"line":32,"column":20},"end":{"line":32,"column":91}},"17":{"start":{"line":35,"column":2},"end":{"line":37,"column":78}}},"fnMap":{"0":{"name":"isAllDayEvent","decl":{"start":{"line":9,"column":9},"end":{"line":9,"column":22}},"loc":{"start":{"line":9,"column":49},"end":{"line":38,"column":1}}}},"branchMap":{"0":{"loc":{"start":{"line":35,"column":9},"end":{"line":37,"column":77}},"type":"binary-expr","locations":[{"start":{"line":35,"column":10},"end":{"line":35,"column":25}},{"start":{"line":35,"column":29},"end":{"line":35,"column":46}},{"start":{"line":35,"column":50},"end":{"line":35,"column":67}},{"start":{"line":36,"column":11},"end":{"line":36,"column":20}},{"start":{"line":36,"column":24},"end":{"line":36,"column":38}},{"start":{"line":36,"column":42},"end":{"line":36,"column":58}},{"start":{"line":37,"column":11},"end":{"line":37,"column":20}},{"start":{"line":37,"column":24},"end":{"line":37,"column":37}},{"start":{"line":37,"column":41},"end":{"line":37,"column":56}},{"start":{"line":37,"column":60},"end":{"line":37,"column":75}}]}},"s":{"0":0,"1":0,"2":0,"3":0,"4":0,"5":0,"6":0,"7":0,"8":0,"9":0,"10":0,"11":0,"12":0,"13":0,"14":0,"15":0,"16":0,"17":0},"f":{"0":0},"b":{"0":[0,0,0,0,0,0,0,0,0,0]}}
,"/home/shotaste/git/union-board/src/server/calendar.ts": {"path":"/home/shotaste/git/union-board/src/server/calendar.ts","statementMap":{"0":{"start":{"line":14,"column":2},"end":{"line":31,"column":3}},"1":{"start":{"line":17,"column":21},"end":{"line":17,"column":78}},"2":{"start":{"line":18,"column":4},"end":{"line":18,"column":39}},"3":{"start":{"line":20,"column":23},"end":{"line":20,"column":39}},"4":{"start":{"line":23,"column":4},"end":{"line":23,"column":41}},"5":{"start":{"line":25,"column":4},"end":{"line":25,"column":22}},"6":{"start":{"line":28,"column":4},"end":{"line":28,"column":65}},"7":{"start":{"line":29,"column":4},"end":{"line":29,"column":39}},"8":{"start":{"line":30,"column":4},"end":{"line":30,"column":16}},"9":{"start":{"line":41,"column":2},"end":{"line":64,"column":3}},"10":{"start":{"line":43,"column":21},"end":{"line":43,"column":49}},"11":{"start":{"line":45,"column":4},"end":{"line":55,"column":5}},"12":{"start":{"line":47,"column":6},"end":{"line":54,"column":7}},"13":{"start":{"line":48,"column":25},"end":{"line":48,"column":64}},"14":{"start":{"line":49,"column":8},"end":{"line":51,"column":9}},"15":{"start":{"line":50,"column":10},"end":{"line":50,"column":28}},"16":{"start":{"line":58,"column":4},"end":{"line":58,"column":31}},"17":{"start":{"line":61,"column":4},"end":{"line":61,"column":68}},"18":{"start":{"line":62,"column":4},"end":{"line":62,"column":39}},"19":{"start":{"line":63,"column":4},"end":{"line":63,"column":16}},"20":{"start":{"line":77,"column":2},"end":{"line":97,"column":3}},"21":{"start":{"line":78,"column":4},"end":{"line":81,"column":5}},"22":{"start":{"line":79,"column":6},"end":{"line":79,"column":53}},"23":{"start":{"line":80,"column":6},"end":{"line":80,"column":16}},"24":{"start":{"line":83,"column":20},"end":{"line":86,"column":null}},"25":{"start":{"line":89,"column":4},"end":{"line":92,"column":16}},"26":{"start":{"line":90,"column":18},"end":{"line":90,"column":61}},"27":{"start":{"line":91,"column":6},"end":{"line":91,"column":48}},"28":{"start":{"line":94,"column":4},"end":{"line":94,"column":64}},"29":{"start":{"line":95,"column":4},"end":{"line":95,"column":39}},"30":{"start":{"line":96,"column":4},"end":{"line":96,"column":14}},"31":{"start":{"line":117,"column":2},"end":{"line":263,"column":3}},"32":{"start":{"line":120,"column":22},"end":{"line":120,"column":23}},"33":{"start":{"line":121,"column":21},"end":{"line":121,"column":22}},"34":{"start":{"line":122,"column":22},"end":{"line":122,"column":23}},"35":{"start":{"line":123,"column":26},"end":{"line":123,"column":27}},"36":{"start":{"line":125,"column":4},"end":{"line":135,"column":7}},"37":{"start":{"line":127,"column":6},"end":{"line":129,"column":7}},"38":{"start":{"line":128,"column":8},"end":{"line":128,"column":15}},"39":{"start":{"line":131,"column":6},"end":{"line":134,"column":58}},"40":{"start":{"line":131,"column":35},"end":{"line":131,"column":49}},"41":{"start":{"line":132,"column":11},"end":{"line":134,"column":58}},"42":{"start":{"line":132,"column":40},"end":{"line":132,"column":53}},"43":{"start":{"line":133,"column":11},"end":{"line":134,"column":58}},"44":{"start":{"line":133,"column":40},"end":{"line":133,"column":54}},"45":{"start":{"line":134,"column":11},"end":{"line":134,"column":58}},"46":{"start":{"line":134,"column":40},"end":{"line":134,"column":58}},"47":{"start":{"line":137,"column":23},"end":{"line":137,"column":79}},"48":{"start":{"line":139,"column":16},"end":{"line":139,"column":26}},"49":{"start":{"line":140,"column":26},"end":{"line":140,"column":85}},"50":{"start":{"line":142,"column":22},"end":{"line":142,"column":24}},"51":{"start":{"line":145,"column":4},"end":{"line":147,"column":5}},"52":{"start":{"line":146,"column":6},"end":{"line":146,"column":53}},"53":{"start":{"line":150,"column":4},"end":{"line":150,"column":30}},"54":{"start":{"line":151,"column":4},"end":{"line":151,"column":45}},"55":{"start":{"line":152,"column":4},"end":{"line":152,"column":44}},"56":{"start":{"line":153,"column":4},"end":{"line":153,"column":45}},"57":{"start":{"line":154,"column":4},"end":{"line":154,"column":49}},"58":{"start":{"line":155,"column":4},"end":{"line":155,"column":44}},"59":{"start":{"line":158,"column":4},"end":{"line":231,"column":5}},"60":{"start":{"line":159,"column":6},"end":{"line":159,"column":34}},"61":{"start":{"line":162,"column":82},"end":{"line":167,"column":8}},"62":{"start":{"line":169,"column":6},"end":{"line":187,"column":9}},"63":{"start":{"line":170,"column":8},"end":{"line":186,"column":9}},"64":{"start":{"line":172,"column":25},"end":{"line":172,"column":56}},"65":{"start":{"line":173,"column":10},"end":{"line":175,"column":11}},"66":{"start":{"line":174,"column":12},"end":{"line":174,"column":19}},"67":{"start":{"line":177,"column":23},"end":{"line":177,"column":40}},"68":{"start":{"line":178,"column":23},"end":{"line":178,"column":64}},"69":{"start":{"line":181,"column":26},"end":{"line":181,"column":39}},"70":{"start":{"line":182,"column":10},"end":{"line":184,"column":11}},"71":{"start":{"line":183,"column":12},"end":{"line":183,"column":59}},"72":{"start":{"line":185,"column":10},"end":{"line":185,"column":63}},"73":{"start":{"line":190,"column":24},"end":{"line":190,"column":90}},"74":{"start":{"line":193,"column":24},"end":{"line":202,"column":7}},"75":{"start":{"line":194,"column":8},"end":{"line":201,"column":11}},"76":{"start":{"line":195,"column":25},"end":{"line":195,"column":45}},"77":{"start":{"line":196,"column":25},"end":{"line":196,"column":45}},"78":{"start":{"line":197,"column":10},"end":{"line":197,"column":69}},"79":{"start":{"line":197,"column":46},"end":{"line":197,"column":69}},"80":{"start":{"line":198,"column":10},"end":{"line":198,"column":55}},"81":{"start":{"line":198,"column":46},"end":{"line":198,"column":55}},"82":{"start":{"line":199,"column":10},"end":{"line":199,"column":56}},"83":{"start":{"line":199,"column":46},"end":{"line":199,"column":56}},"84":{"start":{"line":200,"column":10},"end":{"line":200,"column":42}},"85":{"start":{"line":205,"column":27},"end":{"line":210,"column":8}},"86":{"start":{"line":212,"column":6},"end":{"line":230,"column":9}},"87":{"start":{"line":213,"column":25},"end":{"line":213,"column":48}},"88":{"start":{"line":214,"column":28},"end":{"line":214,"column":60}},"89":{"start":{"line":216,"column":8},"end":{"line":218,"column":9}},"90":{"start":{"line":217,"column":10},"end":{"line":217,"column":17}},"91":{"start":{"line":220,"column":8},"end":{"line":220,"column":52}},"92":{"start":{"line":222,"column":8},"end":{"line":227,"column":11}},"93":{"start":{"line":223,"column":24},"end":{"line":223,"column":38}},"94":{"start":{"line":224,"column":10},"end":{"line":224,"column":41}},"95":{"start":{"line":224,"column":34},"end":{"line":224,"column":41}},"96":{"start":{"line":226,"column":10},"end":{"line":226,"column":85}},"97":{"start":{"line":229,"column":8},"end":{"line":229,"column":28}},"98":{"start":{"line":235,"column":21},"end":{"line":238,"column":6}},"99":{"start":{"line":237,"column":6},"end":{"line":237,"column":71}},"100":{"start":{"line":240,"column":4},"end":{"line":254,"column":5}},"101":{"start":{"line":241,"column":6},"end":{"line":241,"column":32}},"102":{"start":{"line":242,"column":6},"end":{"line":250,"column":9}},"103":{"start":{"line":244,"column":23},"end":{"line":244,"column":54}},"104":{"start":{"line":245,"column":28},"end":{"line":245,"column":71}},"105":{"start":{"line":248,"column":28},"end":{"line":248,"column":127}},"106":{"start":{"line":249,"column":8},"end":{"line":249,"column":78}},"107":{"start":{"line":252,"column":6},"end":{"line":252,"column":32}},"108":{"start":{"line":253,"column":6},"end":{"line":253,"column":34}},"109":{"start":{"line":256,"column":4},"end":{"line":256,"column":46}},"110":{"start":{"line":258,"column":4},"end":{"line":258,"column":23}},"111":{"start":{"line":260,"column":4},"end":{"line":260,"column":95}},"112":{"start":{"line":261,"column":4},"end":{"line":261,"column":56}},"113":{"start":{"line":262,"column":4},"end":{"line":262,"column":14}},"114":{"start":{"line":274,"column":2},"end":{"line":444,"column":3}},"115":{"start":{"line":275,"column":18},"end":{"line":275,"column":41}},"116":{"start":{"line":276,"column":16},"end":{"line":276,"column":26}},"117":{"start":{"line":277,"column":26},"end":{"line":277,"column":85}},"118":{"start":{"line":279,"column":22},"end":{"line":279,"column":24}},"119":{"start":{"line":282,"column":4},"end":{"line":284,"column":5}},"120":{"start":{"line":283,"column":6},"end":{"line":283,"column":53}},"121":{"start":{"line":287,"column":4},"end":{"line":287,"column":30}},"122":{"start":{"line":288,"column":4},"end":{"line":288,"column":51}},"123":{"start":{"line":289,"column":4},"end":{"line":289,"column":50}},"124":{"start":{"line":290,"column":4},"end":{"line":290,"column":51}},"125":{"start":{"line":291,"column":4},"end":{"line":291,"column":55}},"126":{"start":{"line":292,"column":4},"end":{"line":292,"column":50}},"127":{"start":{"line":295,"column":4},"end":{"line":403,"column":5}},"128":{"start":{"line":296,"column":6},"end":{"line":402,"column":7}},"129":{"start":{"line":297,"column":26},"end":{"line":297,"column":47}},"130":{"start":{"line":298,"column":24},"end":{"line":298,"column":36}},"131":{"start":{"line":299,"column":26},"end":{"line":299,"column":51}},"132":{"start":{"line":300,"column":8},"end":{"line":302,"column":11}},"133":{"start":{"line":301,"column":10},"end":{"line":301,"column":38}},"134":{"start":{"line":304,"column":8},"end":{"line":304,"column":36}},"135":{"start":{"line":307,"column":84},"end":{"line":312,"column":10}},"136":{"start":{"line":314,"column":8},"end":{"line":354,"column":11}},"137":{"start":{"line":315,"column":10},"end":{"line":353,"column":11}},"138":{"start":{"line":317,"column":27},"end":{"line":317,"column":58}},"139":{"start":{"line":318,"column":23},"end":{"line":318,"column":25}},"140":{"start":{"line":319,"column":23},"end":{"line":319,"column":25}},"141":{"start":{"line":321,"column":12},"end":{"line":345,"column":13}},"142":{"start":{"line":322,"column":14},"end":{"line":322,"column":39}},"143":{"start":{"line":323,"column":14},"end":{"line":323,"column":63}},"144":{"start":{"line":326,"column":14},"end":{"line":344,"column":15}},"145":{"start":{"line":327,"column":33},"end":{"line":327,"column":70}},"146":{"start":{"line":329,"column":34},"end":{"line":329,"column":93}},"147":{"start":{"line":330,"column":16},"end":{"line":336,"column":17}},"148":{"start":{"line":331,"column":18},"end":{"line":335,"column":19}},"149":{"start":{"line":332,"column":20},"end":{"line":332,"column":29}},"150":{"start":{"line":333,"column":20},"end":{"line":333,"column":68}},"151":{"start":{"line":334,"column":20},"end":{"line":334,"column":26}},"152":{"start":{"line":337,"column":16},"end":{"line":340,"column":17}},"153":{"start":{"line":338,"column":18},"end":{"line":338,"column":28}},"154":{"start":{"line":339,"column":18},"end":{"line":339,"column":34}},"155":{"start":{"line":342,"column":16},"end":{"line":342,"column":26}},"156":{"start":{"line":343,"column":16},"end":{"line":343,"column":28}},"157":{"start":{"line":348,"column":28},"end":{"line":348,"column":41}},"158":{"start":{"line":349,"column":12},"end":{"line":351,"column":13}},"159":{"start":{"line":350,"column":14},"end":{"line":350,"column":61}},"160":{"start":{"line":352,"column":12},"end":{"line":352,"column":65}},"161":{"start":{"line":357,"column":26},"end":{"line":357,"column":92}},"162":{"start":{"line":360,"column":26},"end":{"line":369,"column":9}},"163":{"start":{"line":361,"column":10},"end":{"line":368,"column":13}},"164":{"start":{"line":362,"column":27},"end":{"line":362,"column":47}},"165":{"start":{"line":363,"column":27},"end":{"line":363,"column":47}},"166":{"start":{"line":364,"column":12},"end":{"line":364,"column":71}},"167":{"start":{"line":364,"column":48},"end":{"line":364,"column":71}},"168":{"start":{"line":365,"column":12},"end":{"line":365,"column":57}},"169":{"start":{"line":365,"column":48},"end":{"line":365,"column":57}},"170":{"start":{"line":366,"column":12},"end":{"line":366,"column":58}},"171":{"start":{"line":366,"column":48},"end":{"line":366,"column":58}},"172":{"start":{"line":367,"column":12},"end":{"line":367,"column":44}},"173":{"start":{"line":372,"column":29},"end":{"line":377,"column":10}},"174":{"start":{"line":379,"column":8},"end":{"line":397,"column":11}},"175":{"start":{"line":380,"column":27},"end":{"line":380,"column":50}},"176":{"start":{"line":381,"column":30},"end":{"line":381,"column":62}},"177":{"start":{"line":383,"column":10},"end":{"line":385,"column":11}},"178":{"start":{"line":384,"column":12},"end":{"line":384,"column":19}},"179":{"start":{"line":387,"column":10},"end":{"line":387,"column":54}},"180":{"start":{"line":389,"column":10},"end":{"line":394,"column":13}},"181":{"start":{"line":390,"column":26},"end":{"line":390,"column":40}},"182":{"start":{"line":391,"column":12},"end":{"line":391,"column":43}},"183":{"start":{"line":391,"column":36},"end":{"line":391,"column":43}},"184":{"start":{"line":393,"column":12},"end":{"line":393,"column":87}},"185":{"start":{"line":396,"column":10},"end":{"line":396,"column":30}},"186":{"start":{"line":399,"column":8},"end":{"line":399,"column":73}},"187":{"start":{"line":400,"column":8},"end":{"line":400,"column":61}},"188":{"start":{"line":401,"column":8},"end":{"line":401,"column":41}},"189":{"start":{"line":406,"column":4},"end":{"line":436,"column":5}},"190":{"start":{"line":407,"column":24},"end":{"line":407,"column":45}},"191":{"start":{"line":408,"column":23},"end":{"line":408,"column":75}},"192":{"start":{"line":408,"column":45},"end":{"line":408,"column":74}},"193":{"start":{"line":410,"column":6},"end":{"line":431,"column":7}},"194":{"start":{"line":411,"column":8},"end":{"line":411,"column":34}},"195":{"start":{"line":413,"column":24},"end":{"line":413,"column":36}},"196":{"start":{"line":414,"column":26},"end":{"line":414,"column":51}},"197":{"start":{"line":415,"column":8},"end":{"line":417,"column":11}},"198":{"start":{"line":416,"column":10},"end":{"line":416,"column":38}},"199":{"start":{"line":419,"column":8},"end":{"line":427,"column":11}},"200":{"start":{"line":421,"column":25},"end":{"line":421,"column":56}},"201":{"start":{"line":422,"column":30},"end":{"line":422,"column":73}},"202":{"start":{"line":425,"column":30},"end":{"line":425,"column":129}},"203":{"start":{"line":426,"column":10},"end":{"line":426,"column":80}},"204":{"start":{"line":429,"column":8},"end":{"line":429,"column":34}},"205":{"start":{"line":430,"column":8},"end":{"line":430,"column":36}},"206":{"start":{"line":433,"column":6},"end":{"line":433,"column":69}},"207":{"start":{"line":434,"column":6},"end":{"line":434,"column":59}},"208":{"start":{"line":435,"column":6},"end":{"line":435,"column":37}},"209":{"start":{"line":438,"column":4},"end":{"line":438,"column":46}},"210":{"start":{"line":440,"column":4},"end":{"line":440,"column":23}},"211":{"start":{"line":442,"column":4},"end":{"line":442,"column":63}},"212":{"start":{"line":443,"column":4},"end":{"line":443,"column":14}},"213":{"start":{"line":454,"column":2},"end":{"line":649,"column":3}},"214":{"start":{"line":455,"column":4},"end":{"line":458,"column":5}},"215":{"start":{"line":456,"column":6},"end":{"line":456,"column":40}},"216":{"start":{"line":457,"column":6},"end":{"line":457,"column":18}},"217":{"start":{"line":460,"column":23},"end":{"line":460,"column":44}},"218":{"start":{"line":461,"column":21},"end":{"line":461,"column":60}},"219":{"start":{"line":463,"column":4},"end":{"line":466,"column":5}},"220":{"start":{"line":464,"column":6},"end":{"line":464,"column":56}},"221":{"start":{"line":465,"column":6},"end":{"line":465,"column":18}},"222":{"start":{"line":468,"column":22},"end":{"line":468,"column":43}},"223":{"start":{"line":469,"column":20},"end":{"line":469,"column":39}},"224":{"start":{"line":473,"column":37},"end":{"line":473,"column":41}},"225":{"start":{"line":474,"column":4},"end":{"line":507,"column":5}},"226":{"start":{"line":476,"column":6},"end":{"line":476,"column":32}},"227":{"start":{"line":478,"column":6},"end":{"line":482,"column":7}},"228":{"start":{"line":479,"column":26},"end":{"line":479,"column":44}},"229":{"start":{"line":480,"column":25},"end":{"line":480,"column":66}},"230":{"start":{"line":481,"column":8},"end":{"line":481,"column":117}},"231":{"start":{"line":485,"column":6},"end":{"line":485,"column":55}},"232":{"start":{"line":487,"column":6},"end":{"line":500,"column":7}},"233":{"start":{"line":488,"column":22},"end":{"line":488,"column":38}},"234":{"start":{"line":489,"column":21},"end":{"line":489,"column":53}},"235":{"start":{"line":490,"column":8},"end":{"line":497,"column":9}},"236":{"start":{"line":490,"column":21},"end":{"line":490,"column":22}},"237":{"start":{"line":491,"column":10},"end":{"line":496,"column":11}},"238":{"start":{"line":492,"column":29},"end":{"line":492,"column":34}},"239":{"start":{"line":494,"column":12},"end":{"line":494,"column":59}},"240":{"start":{"line":495,"column":12},"end":{"line":495,"column":18}},"241":{"start":{"line":499,"column":8},"end":{"line":499,"column":77}},"242":{"start":{"line":502,"column":6},"end":{"line":506,"column":7}},"243":{"start":{"line":503,"column":26},"end":{"line":503,"column":44}},"244":{"start":{"line":504,"column":25},"end":{"line":504,"column":66}},"245":{"start":{"line":505,"column":8},"end":{"line":505,"column":117}},"246":{"start":{"line":511,"column":30},"end":{"line":511,"column":91}},"247":{"start":{"line":512,"column":24},"end":{"line":512,"column":88}},"248":{"start":{"line":515,"column":22},"end":{"line":515,"column":46}},"249":{"start":{"line":518,"column":72},"end":{"line":518,"column":76}},"250":{"start":{"line":519,"column":31},"end":{"line":519,"column":36}},"251":{"start":{"line":522,"column":4},"end":{"line":531,"column":5}},"252":{"start":{"line":523,"column":6},"end":{"line":530,"column":7}},"253":{"start":{"line":524,"column":8},"end":{"line":524,"column":69}},"254":{"start":{"line":525,"column":8},"end":{"line":525,"column":36}},"255":{"start":{"line":527,"column":8},"end":{"line":527,"column":79}},"256":{"start":{"line":528,"column":8},"end":{"line":528,"column":61}},"257":{"start":{"line":529,"column":8},"end":{"line":529,"column":61}},"258":{"start":{"line":533,"column":4},"end":{"line":603,"column":5}},"259":{"start":{"line":536,"column":27},"end":{"line":536,"column":51}},"260":{"start":{"line":537,"column":27},"end":{"line":537,"column":55}},"261":{"start":{"line":538,"column":25},"end":{"line":538,"column":51}},"262":{"start":{"line":539,"column":30},"end":{"line":539,"column":63}},"263":{"start":{"line":540,"column":30},"end":{"line":540,"column":59}},"264":{"start":{"line":543,"column":27},"end":{"line":543,"column":55}},"265":{"start":{"line":545,"column":24},"end":{"line":545,"column":29}},"266":{"start":{"line":546
[...]
nd":{"line":670,"column":35}},"320":{"start":{"line":671,"column":6},"end":{"line":671,"column":18}},"321":{"start":{"line":674,"column":18},"end":{"line":674,"column":41}},"322":{"start":{"line":675,"column":4},"end":{"line":679,"column":5}},"323":{"start":{"line":677,"column":6},"end":{"line":677,"column":75}},"324":{"start":{"line":678,"column":6},"end":{"line":678,"column":19}},"325":{"start":{"line":682,"column":4},"end":{"line":682,"column":52}},"326":{"start":{"line":683,"column":4},"end":{"line":683,"column":16}},"327":{"start":{"line":686,"column":4},"end":{"line":686,"column":67}},"328":{"start":{"line":688,"column":4},"end":{"line":688,"column":16}},"329":{"start":{"line":698,"column":2},"end":{"line":704,"column":3}},"330":{"start":{"line":699,"column":18},"end":{"line":699,"column":47}},"331":{"start":{"line":700,"column":21},"end":{"line":700,"column":53}},"332":{"start":{"line":701,"column":4},"end":{"line":701,"column":27}},"333":{"start":{"line":703,"column":4},"end":{"line":703,"column":67}}},"fnMap":{"0":{"name":"getOrCreateSpreadsheet","decl":{"start":{"line":16,"column":9},"end":{"line":16,"column":31}},"loc":{"start":{"line":16,"column":31},"end":{"line":42,"column":1}}},"1":{"name":"initializeSpreadsheet","decl":{"start":{"line":50,"column":9},"end":{"line":50,"column":30}},"loc":{"start":{"line":50,"column":30},"end":{"line":334,"column":1}}},"2":{"name":"(anonymous_2)","decl":{"start":{"line":59,"column":48},"end":{"line":59,"column":49}},"loc":{"start":{"line":59,"column":53},"end":{"line":59,"column":64}}},"3":{"name":"(anonymous_3)","decl":{"start":{"line":60,"column":40},"end":{"line":60,"column":44}},"loc":{"start":{"line":60,"column":48},"end":{"line":60,"column":81}}},"4":{"name":"(anonymous_4)","decl":{"start":{"line":232,"column":53},"end":{"line":232,"column":56}},"loc":{"start":{"line":232,"column":60},"end":{"line":232,"column":66}}},"5":{"name":"(anonymous_5)","decl":{"start":{"line":240,"column":27},"end":{"line":240,"column":28}},"loc":{"start":{"line":240,"column":51},"end":{"line":247,"column":5}}},"6":{"name":"(anonymous_6)","decl":{"start":{"line":262,"column":49},"end":{"line":262,"column":50}},"loc":{"start":{"line":262,"column":54},"end":{"line":262,"column":80}}},"7":{"name":"(anonymous_7)","decl":{"start":{"line":299,"column":54},"end":{"line":299,"column":58}},"loc":{"start":{"line":299,"column":62},"end":{"line":299,"column":109}}},"8":{"name":"(anonymous_8)","decl":{"start":{"line":319,"column":41},"end":{"line":319,"column":45}},"loc":{"start":{"line":319,"column":49},"end":{"line":319,"column":81}}},"9":{"name":"setupApplication","decl":{"start":{"line":342,"column":9},"end":{"line":342,"column":25}},"loc":{"start":{"line":342,"column":25},"end":{"line":360,"column":1}}},"10":{"name":"getConfig","decl":{"start":{"line":368,"column":9},"end":{"line":368,"column":18}},"loc":{"start":{"line":368,"column":57},"end":{"line":396,"column":1}}},"11":{"name":"getAllConfig","decl":{"start":{"line":402,"column":9},"end":{"line":402,"column":21}},"loc":{"start":{"line":402,"column":21},"end":{"line":430,"column":1}}},"12":{"name":"setConfig","decl":{"start":{"line":437,"column":9},"end":{"line":437,"column":18}},"loc":{"start":{"line":437,"column":45},"end":{"line":481,"column":1}}},"13":{"name":"generateAdminToken","decl":{"start":{"line":487,"column":9},"end":{"line":487,"column":27}},"loc":{"start":{"line":487,"column":27},"end":{"line":494,"column":1}}},"14":{"name":"generateUuid","decl":{"start":{"line":500,"column":9},"end":{"line":500,"column":21}},"loc":{"start":{"line":500,"column":21},"end":{"line":502,"column":1}}},"15":{"name":"getCurrentTimestamp","decl":{"start":{"line":508,"column":9},"end":{"line":508,"column":28}},"loc":{"start":{"line":508,"column":28},"end":{"line":510,"column":1}}},"16":{"name":"cleanupAllData","decl":{"start":{"line":517,"column":9},"end":{"line":517,"column":23}},"loc":{"start":{"line":517,"column":23},"end":{"line":620,"column":1}}},"17":{"name":"sanitizeInput","decl":{"start":{"line":636,"column":9},"end":{"line":636,"column":22}},"loc":{"start":{"line":636,"column":36},"end":{"line":649,"column":1}}},"18":{"name":"checkRateLimit","decl":{"start":{"line":658,"column":9},"end":{"line":658,"column":23}},"loc":{"start":{"line":658,"column":55},"end":{"line":690,"column":1}}},"19":{"name":"resetRateLimit","decl":{"start":{"line":697,"column":9},"end":{"line":697,"column":23}},"loc":{"start":{"line":697,"column":55},"end":{"line":705,"column":1}}}},"branchMap":{"0":{"loc":{"start":{"line":21,"column":4},"end":{"line":29,"column":5}},"type":"if","locations":[{"start":{"line":21,"column":4},"end":{"line":29,"column":5}},{"start":{},"end":{}}]},"1":{"loc":{"start":{"line":62,"column":2},"end":{"line":66,"column":3}},"type":"if","locations":[{"start":{"line":62,"column":2},"end":{"line":66,"column":3}},{"start":{},"end":{}}]},"2":{"loc":{"start":{"line":69,"column":14},"end":{"line":69,"column":87}},"type":"binary-expr","locations":[{"start":{"line":69,"column":14},"end":{"line":69,"column":50}},{"start":{"line":69,"column":54},"end":{"line":69,"column":87}}]},"3":{"loc":{"start":{"line":71,"column":2},"end":{"line":157,"column":3}},"type":"if","locations":[{"start":{"line":71,"column":2},"end":{"line":157,"column":3}},{"start":{"line":79,"column":9},"end":{"line":157,"column":3}}]},"4":{"loc":{"start":{"line":91,"column":4},"end":{"line":154,"column":5}},"type":"if","locations":[{"start":{"line":91,"column":4},"end":{"line":154,"column":5}},{"start":{"line":118,"column":11},"end":{"line":154,"column":5}}]},"5":{"loc":{"start":{"line":93,"column":6},"end":{"line":117,"column":7}},"type":"if","locations":[{"start":{"line":93,"column":6},"end":{"line":117,"column":7}},{"start":{"line":98,"column":13},"end":{"line":117,"column":7}}]},"6":{"loc":{"start":{"line":104,"column":8},"end":{"line":113,"column":9}},"type":"if","locations":[{"start":{"line":104,"column":8},"end":{"line":113,"column":9}},{"start":{},"end":{}}]},"7":{"loc":{"start":{"line":118,"column":11},"end":{"line":154,"column":5}},"type":"if","locations":[{"start":{"line":118,"column":11},"end":{"line":154,"column":5}},{"start":{"line":148,"column":11},"end":{"line":154,"column":5}}]},"8":{"loc":{"start":{"line":122,"column":6},"end":{"line":142,"column":7}},"type":"if","locations":[{"start":{"line":122,"column":6},"end":{"line":142,"column":7}},{"start":{},"end":{}}]},"9":{"loc":{"start":{"line":135,"column":8},"end":{"line":141,"column":9}},"type":"if","locations":[{"start":{"line":135,"column":8},"end":{"line":141,"column":9}},{"start":{"line":138,"column":15},"end":{"line":141,"column":9}}]},"10":{"loc":{"start":{"line":150,"column":6},"end":{"line":153,"column":7}},"type":"if","locations":[{"start":{"line":150,"column":6},"end":{"line":153,"column":7}},{"start":{},"end":{}}]},"11":{"loc":{"start":{"line":160,"column":10},"end":{"line":160,"column":85}},"type":"binary-expr","locations":[{"start":{"line":160,"column":10},"end":{"line":160,"column":47}},{"start":{"line":160,"column":51},"end":{"line":160,"column":85}}]},"12":{"loc":{"start":{"line":162,"column":2},"end":{"line":180,"column":3}},"type":"if","locations":[{"start":{"line":162,"column":2},"end":{"line":180,"column":3}},{"start":{"line":169,"column":9},"end":{"line":180,"column":3}}]},"13":{"loc":{"start":{"line":174,"column":4},"end":{"line":177,"column":5}},"type":"if","locations":[{"start":{"line":174,"column":4},"end":{"line":177,"column":5}},{"start":{},"end":{}}]},"14":{"loc":{"start":{"line":183,"column":10},"end":{"line":183,"column":89}},"type":"binary-expr","locations":[{"start":{"line":183,"column":10},"end":{"line":183,"column":49}},{"start":{"line":183,"column":53},"end":{"line":183,"column":89}}]},"15":{"loc":{"start":{"line":185,"column":2},"end":{"line":203,"column":3}},"type":"if","locations":[{"start":{"line":185,"column":2},"end":{"line":203,"column":3}},{"start":{"line":192,"column":9},"end":{"line":203,"column":3}}]},"16":{"loc":{"start":{"line":197,"column":4},"end":{"line":200,"column":5}},"type":"if","locations":[{"start":{"line":197,"column":4},"end":{"line":200,"column":5}},{"start":{},"end":{}}]},"17":{"loc":{"start":{"line":206,"column":10},"end":{"line":206,"column":83}},"type":"binary-expr","locations":[{"start":{"line":206,"column":10},"end":{"line":206,"column":46}},{"start":{"line":206,"column":50},"end":{"line":206,"column":83}}]},"18":{"loc":{"start":{"line":208,"column":2},"end":{"line":250,"column":3}},"type":"if","locations":[{"start":{"line":208,"column":2},"end":{"line":250,"column":3}},{"start":{"line":222,"column":9},"end":{"line":250,"column":3}}]},"19":{"loc":{"start":{"line":226,"column":4},"end":{"line":229,"column":5}},"type":"if","locations":[{"start":{"line":226,"column":4},"end":{"line":229,"column":5}},{"start":{},"end":{}}]},"20":{"loc":{"start":{"line":241,"column":6},"end":{"line":246,"column":7}},"type":"if","locations":[{"start":{"line":241,"column":6},"end":{"line":246,"column":7}},{"start":{},"end":{}}]},"21":{"loc":{"start":{"line":244,"column":22},"end":{"line":244,"column":81}},"type":"cond-expr","locations":[{"start":{"line":244,"column":46},"end":{"line":244,"column":66}},{"start":{"line":244,"column":69},"end":{"line":244,"column":81}}]},"22":{"loc":{"start":{"line":261,"column":6},"end":{"line":268,"column":7}},"type":"if","locations":[{"start":{"line":261,"column":6},"end":{"line":268,"column":7}},{"start":{},"end":{}}]},"23":{"loc":{"start":{"line":263,"column":8},"end":{"line":267,"column":9}},"type":"if","locations":[{"start":{"line":263,"column":8},"end":{"line":267,"column":9}},{"start":{},"end":{}}]},"24":{"loc":{"start":{"line":263,"column":12},"end":{"line":263,"column":53}},"type":"binary-expr","locations":[{"start":{"line":263,"column":12},"end":{"line":263,"column":31}},{"start":{"line":263,"column":35},"end":{"line":263,"column":53}}]},"25":{"loc":{"start":{"line":284,"column":10},"end":{"line":286,"column":11}},"type":"if","locations":[{"start":{"line":284,"column":10},"end":{"line":286,"column":11}},{"start":{},"end":{}}]},"26":{"loc":{"start":{"line":297,"column":4},"end":{"line":326,"column":5}},"type":"if","locations":[{"start":{"line":297,"column":4},"end":{"line":326,"column":5}},{"start":{},"end":{}}]},"27":{"loc":{"start":{"line":299,"column":62},"end":{"line":299,"column":109}},"type":"binary-expr","locations":[{"start":{"line":299,"column":62},"end":{"line":299,"column":88}},{"start":{"line":299,"column":92},"end":{"line":299,"column":109}}]},"28":{"loc":{"start":{"line":305,"column":10},"end":{"line":309,"column":11}},"type":"if","locations":[{"start":{"line":305,"column":10},"end":{"line":309,"column":11}},{"start":{"line":307,"column":17},"end":{"line":309,"column":11}}]},"29":{"loc":{"start":{"line":316,"column":6},"end":{"line":325,"column":7}},"type":"if","locations":[{"start":{"line":316,"column":6},"end":{"line":325,"column":7}},{"start":{},"end":{}}]},"30":{"loc":{"start":{"line":319,"column":10},"end":{"line":321,"column":11}},"type":"if","locations":[{"start":{"line":319,"column":10},"end":{"line":321,"column":11}},{"start":{},"end":{}}]},"31":{"loc":{"start":{"line":319,"column":14},"end":{"line":319,"column":82}},"type":"binary-expr","locations":[{"start":{"line":319,"column":14},"end":{"line":319,"column":20}},{"start":{"line":319,"column":24},"end":{"line":319,"column":82}}]},"32":{"loc":{"start":{"line":368,"column":32},"end":{"line":368,"column":57}},"type":"default-arg","locations":[{"start":{"line":368,"column":55},"end":{"line":368,"column":57}}]},"33":{"loc":{"start":{"line":370,"column":4},"end":{"line":373,"column":5}},"type":"if","locations":[{"start":{"line":370,"column":4},"end":{"line":373,"column":5}},{"start":{},"end":{}}]},"34":{"loc":{"start":{"line":370,"column":8},"end":{"line":370,"column":33}},"type":"binary-expr","locations":[{"start":{"line":370,"column":8},"end":{"line":370,"column":12}},{"start":{"line":370,"column":16},"end":{"line":370,"column":33}}]},"35":{"loc":{"start":{"line":378,"column":4},"end":{"line":381,"column":5}},"type":"if","locations":[{"start":{"line":378,"column":4},"end":{"line":381,"column":5}},{"start":{},"end":{}}]},"36":{"loc":{"start":{"line":385,"column":6},"end":{"line":387,"column":7}},"type":"if","locations":[{"start":{"line":385,"column":6},"end":{"line":387,"column":7}},{"start":{},"end":{}}]},"37":{"loc":{"start":{"line":407,"column":4},"end":{"line":410,"column":5}},"type":"if","locations":[{"start":{"line":407,"column":4},"end":{"line":410,"column":5}},{"start":{},"end":{}}]},"38":{"loc":{"start":{"line":419,"column":6},"end":{"line":421,"column":7}},"type":"if","locations":[{"start":{"line":419,"column":6},"end":{"line":421,"column":7}},{"start":{},"end":{}}]},"39":{"loc":{"start":{"line":420,"column":40},"end":{"line":420,"column":51}},"type":"binary-expr","locations":[{"start":{"line":420,"column":40},"end":{"line":420,"column":45}},{"start":{"line":420,"column":49},"end":{"line":420,"column":51}}]},"40":{"loc":{"start":{"line":439,"column":4},"end":{"line":442,"column":5}},"type":"if","locations":[{"start":{"line":439,"column":4},"end":{"line":442,"column":5}},{"start":{},"end":{}}]},"41":{"loc":{"start":{"line":439,"column":8},"end":{"line":439,"column":33}},"type":"binary-expr","locations":[{"start":{"line":439,"column":8},"end":{"line":439,"column":12}},{"start":{"line":439,"column":16},"end":{"line":439,"column":33}}]},"42":{"loc":{"start":{"line":447,"column":4},"end":{"line":450,"column":5}},"type":"if","locations":[{"start":{"line":447,"column":4},"end":{"line":450,"column":5}},{"start":{},"end":{}}]},"43":{"loc":{"start":{"line":456,"column":6},"end":{"line":460,"column":7}},"type":"if","locations":[{"start":{"line":456,"column":6},"end":{"line":460,"column":7}},{"start":{},"end":{}}]},"44":{"loc":{"start":{"line":463,"column":4},"end":{"line":465,"column":5}},"type":"if","locations":[{"start":{"line":463,"column":4},"end":{"line":465,"column":5}},{"start":{},"end":{}}]},"45":{"loc":{"start":{"line":468,"column":4},"end":{"line":476,"column":5}},"type":"if","locations":[{"start":{"line":468,"column":4},"end":{"line":476,"column":5}},{"start":{},"end":{}}]},"46":{"loc":{"start":{"line":540,"column":6},"end":{"line":561,"column":7}},"type":"if","locations":[{"start":{"line":540,"column":6},"end":{"line":561,"column":7}},{"start":{},"end":{}}]},"47":{"loc":{"start":{"line":574,"column":6},"end":{"line":581,"column":7}},"type":"if","locations":[{"start":{"line":574,"column":6},"end":{"line":581,"column":7}},{"start":{},"end":{}}]},"48":{"loc":{"start":{"line":576,"column":8},"end":{"line":580,"column":9}},"type":"if","locations":[{"start":{"line":576,"column":8},"end":{"line":580,"column":9}},{"start":{"line":579,"column":15},"end":{"line":580,"column":9}}]},"49":{"loc":{"start":{"line":585,"column":6},"end":{"line":592,"column":7}},"type":"if","locations":[{"start":{"line":585,"column":6},"end":{"line":592,"column":7}},{"start":{},"end":{}}]},"50":{"loc":{"start":{"line":587,"column":8},"end":{"line":591,"column":9}},"type":"if","locations":[{"start":{"line":587,"column":8},"end":{"line":591,"column":9}},{"start":{"line":590,"column":15},"end":{"line":591,"column":9}}]},"51":{"loc":{"start":{"line":607,"column":4},"end":{"line":609,"column":5}},"type":"if","locations":[{"start":{"line":607,"column":4},"end":{"line":609,"column":5}},{"start":{},"end":{}}]},"52":{"loc":{"start":{"line":637,"column":2},"end":{"line":639,"column":3}},"type":"if","locations":[{"start":{"line":637,"column":2},"end":{"line":639,"column":3}},{"start":{},"end":{}}]},"53":{"loc":{"start":{"line":637,"column":6},"end":{"line":637,"column":41}},"type":"binary-expr","locations":[{"start":{"line":637,"column":6},"end":{"line":637,"column":12}},{"start":{"line":637,"column":16},"end":{"line":637,"column":41}}]},"54":{"loc":{"start":{"line":660,"column":4},"end":{"line":662,"column":5}},"type":"if","locations":[{"start":{"line":660,"column":4},"end":{"line":662,"column":5}},{"start":{},"end":{}}]},"55":{"loc":{"start":{"line":660,"column":8},"end":{"line":660,"column":27}},"type":"binary-expr","locations":[{"start":{"line":660,"column":8},"end":{"line":660,"column":16}},{"start":{"line":660,"column":20},"end":{"line":660,"column":27}}]},"56":{"loc":{"start":{"line":668,"column":4},"end":{"line":672,"column":5}},"type":"if","locations":[{"start":{"line":668,"column":4},"end":{"line":672,"column":5}},{"start":{},"end":{}}]},"57":{"loc":{"start":{"line":675,"column":4},"end":{"line":679,"column":5}},"type":"if","locations":[{"start":{"line":675,"column":4},"end":{"line":679,"column":5}},{"start":{},"end":{}}]}},"s":{"0":0,"1":0,"2":0,"3":0,"4":0,"5":0,"6":0,"7":0,"8":0,"9":0,"10":0,"11":0,"12":0,"13":0,"14":0,"15":0,"16":0,"17":0,"18":0,"19":0,"20":0,"21":0,"22":0,"23":0,"24":0,"25":0,"26":0,"27":0,"28":0,"29":0,"30":0,"31":0,"32":0,"33":0,"34":0,"35":0,"36":0,"37":0,"38":0,"39":0,"40":0,"41":0,"42":0,"43":0,"44":0,"45":0,"46":0,"47":0,"48":0,"49":0,"50":0,"51":0,"52":0,"53":0,"54":0,"55":0,"56":0,"57":0,"58":0,"59":0,"60":0,"61":0,"62":0,"63":0,"64":0,"65":0,"66":0,"67":0,"68":0,"69":0,"70":0,"71":0,"72":0,"73":0,"74":0,"75":0,"76":0,"77":0,"78":0,"79":0,"80":0,"81":0,"82":0,"83":0,"84":0,"85":0,"86":0,"87":0,"88":0,"89":0,"90":0,"91":0,"92":0,"93":0,"94":0,"95":0,"96":0,"97":0,"98":0,"99":0,"100":0,"101":0,"102":0,"103":0,"104":0,"105":0,"106":0,"107":0,"108":0,"109":0,"110":0,"111":0,"112":0,"113":0,"114":0,"115":0,"116":0,"117":0,"118":0,"119":0,"120":0,"121":0,"122":0,"123":0,"124":0,"125":0,"126":0,"127":0,"128":0,"129":0,"130":0,"131":0,"132":0,"133":0,"134":0,"135":0,"136":0,"137":0,"138":0,"139":0,"140":0,"141":0,"142":0,"143":0,"144":0,"145":0,"146":0,"147":0,"148":0,"149":0,"150":0,"151":0,"152":0,"153":0,"154":0,"155":0,"156":0,"157":0,"158":0,"159":0,"160":0,"161":0,"162":0,"163":0,"164":0,"165":0,"166":0,"167":0,"168":0,"169":0,"170":0,"171":0,"172":0,"173":0,"174":0,"175":0,"176":0,"177":0,"178":0,"179":0,"180":0,"181":0,"182":0,"183":0,"184":0,"185":0,"186":0,"187":0,"188":0,"189":0,"190":0,"191":0,"192":0,"193":0,"194":0,"195":0,"196":0,"197":0,"198":0,"199":0,"200":0,"201":0,"202":0,"203":0,"204":0,"205":0,"206":0,"207":0,"208":0,"209":0,"210":0,"211":0,"212":0,"213":0,"214":0,"215":0,"216":0,"217":0,"218":0,"219":0,"220":0,"221":0,"222":0,"223":0,"224":0,"225":0,"226":0,"227":0,"228":0,"229":0,"230":0,"231":0,"232":0,"233":0,"234":0,"235":0,"236":0,"237":0,"238":0,"239":0,"240":0,"241":0,"242":0,"243":0,"244":0,"245":0,"246":0,"247":0,"248":0,"249":0,"250":0,"251":0,"252":0,"253":0,"254":0,"255":0,"256":0,"257":0,"258":0,"259":0,"260":0,"261":0,"262":0,"263":0,"264":0,"265":0,"266":0,"267":0,"268":0,"269":0,"270":0,"271":0,"272":0,"273":0,"274":0,"275":0,"276":0,"277":0,"278":0,"279":0,"280":0,"281":0,"282":0,"283":0,"284":0,"285":0,"286":0,"287":0,"288":0,"289":0,"290":0,"291":0,"292":0,"293":0,"294":0,"295":0,"296":0,"297":0,"298":0,"299":0,"300":0,"301":0,"302":0,"303":0,"304":0,"305":0,"306":0,"307":0,"308":0,"309":0,"310":0,"311":0,"312":0,"313":0,"314":0,"315":0,"316":0,"317":0,"318":0,"319":0,"320":0,"321":0,"322":0,"323":0,"324":0,"325":0,"326":0,"327":0,"328":0,"329":0,"330":0,"331":0,"332":0,"333":0},"f":{"0":0,"1":0,"2":0,"3":0,"4":0,"5":0,"6":0,"7":0,"8":0,"9":0,"10":0,"11":0,"12":0,"13":0,"14":0,"15":0,"16":0,"17":0,"18":0,"19":0},"b":{"0":[0,0],"1":[0,0],"2":[0,0],"3":[0,0],"4":[0,0],"5":[0,0],"6":[0,0],"7":[0,0],"8":[0,0],"9":[0,0],"10":[0,0],"11":[0,0],"12":[0,0],"13":[0,0],"14":[0,0],"15":[0,0],"16":[0,0],"17":[0,0],"18":[0,0],"19":[0,0],"20":[0,0],"21":[0,0],"22":[0,0],"23":[0,0],"24":[0,0],"25":[0,0],"26":[0,0],"27":[0,0],"28":[0,0],"29":[0,0],"30":[0,0],"31":[0,0],"32":[0],"33":[0,0],"34":[0,0],"35":[0,0],"36":[0,0],"37":[0,0],"38":[0,0],"39":[0,0],"40":[0,0],"41":[0,0],"42":[0,0],"43":[0,0],"44":[0,0],"45":[0,0],"46":[0,0],"47":[0,0],"48":[0,0],"49":[0,0],"50":[0,0],"51":[0,0],"52":[0,0],"53":[0,0],"54":[0,0],"55":[0,0],"56":[0,0],"57":[0,0]}}
}
