TN:
SF:src/main.ts
FN:22,doGet
FN:78,getAllEventsForLocationHistory
FN:92,getInitData
FN:111,(anonymous_3)
FN:122,(anonymous_4)
FN:159,adminCreateEvent
FN:226,adminUpdateEvent
FN:276,adminDeleteEvent
FN:324,userSubmitResponsesBatch
FN:354,(anonymous_9)
FN:410,(anonymous_10)
FN:450,getMembersList
FN:453,(anonymous_12)
FN:473,createMember
FN:516,updateMember
FN:556,deleteMemberAPI
FN:591,getEventWithResponses
FN:636,getAllEventsWithResponses
FN:651,(anonymous_18)
FN:684,checkAdminStatus
FN:705,syncEvent
FN:771,syncAllEvents
FN:799,scheduledSyncResponsesToCalendar
FN:837,onCalendarUpdate
FN:858,scheduledCleanupUnlinkedResponses
FN:875,syncResponsesDiffToCalendar
FN:1022,getCalendarIdForSharing
FN:1069,adminSetDisplayPeriod
FN:1140,adminCleanupAllData
FN:1181,adminCleanupUnlinkedResponses
FNF:30
FNH:0
FNDA:0,doGet
FNDA:0,getAllEventsForLocationHistory
FNDA:0,getInitData
FNDA:0,(anonymous_3)
FNDA:0,(anonymous_4)
FNDA:0,adminCreateEvent
FNDA:0,adminUpdateEvent
FNDA:0,adminDeleteEvent
FNDA:0,userSubmitResponsesBatch
FNDA:0,(anonymous_9)
FNDA:0,(anonymous_10)
FNDA:0,getMembersList
FNDA:0,(anonymous_12)
FNDA:0,createMember
FNDA:0,updateMember
FNDA:0,deleteMemberAPI
FNDA:0,getEventWithResponses
FNDA:0,getAllEventsWithResponses
FNDA:0,(anonymous_18)
FNDA:0,checkAdminStatus
FNDA:0,syncEvent
FNDA:0,syncAllEvents
FNDA:0,scheduledSyncResponsesToCalendar
FNDA:0,onCalendarUpdate
FNDA:0,scheduledCleanupUnlinkedResponses
FNDA:0,syncResponsesDiffToCalendar
FNDA:0,getCalendarIdForSharing
FNDA:0,adminSetDisplayPeriod
FNDA:0,adminCleanupAllData
FNDA:0,adminCleanupUnlinkedResponses
DA:24,0
DA:27,0
DA:32,0
DA:33,0
DA:34,0
DA:36,0
DA:40,0
DA:41,0
DA:43,0
DA:55,0
DA:56,0
DA:61,0
DA:62,0
DA:63,0
DA:65,0
DA:69,0
DA:79,0
DA:80,0
DA:82,0
DA:83,0
DA:93,0
DA:95,0
DA:97,0
DA:108,0
DA:111,0
DA:119,0
DA:121,0
DA:122,0
DA:123,0
DA:124,0
DA:126,0
DA:129,0
DA:136,0
DA:137,0
DA:170,0
DA:172,0
DA:173,0
DA:179,0
DA:180,0
DA:186,0
DA:194,0
DA:196,0
DA:198,0
DA:204,0
DA:210,0
DA:211,0
DA:232,0
DA:234,0
DA:235,0
DA:241,0
DA:242,0
DA:248,0
DA:250,0
DA:251,0
DA:255,0
DA:261,0
DA:262,0
DA:281,0
DA:283,0
DA:284,0
DA:290,0
DA:291,0
DA:297,0
DA:299,0
DA:300,0
DA:304,0
DA:310,0
DA:311,0
DA:332,0
DA:333,0
DA:334,0
DA:337,0
DA:339,0
DA:340,0
DA:341,0
DA:344,0
DA:345,0
DA:346,0
DA:347,0
DA:351,0
DA:352,0
DA:354,0
DA:355,0
DA:357,0
DA:358,0
DA:359,0
DA:360,0
DA:363,0
DA:364,0
DA:365,0
DA:366,0
DA:369,0
DA:370,0
DA:372,0
DA:374,0
DA:387,0
DA:397,0
DA:399,0
DA:400,0
DA:405,0
DA:407,0
DA:410,0
DA:411,0
DA:415,0
DA:416,0
DA:420,0
DA:421,0
DA:422,0
DA:426,0
DA:430,0
DA:437,0
DA:438,0
DA:439,0
DA:440,0
DA:443,0
DA:451,0
DA:452,0
DA:453,0
DA:460,0
DA:461,0
DA:479,0
DA:480,0
DA:481,0
DA:487,0
DA:489,0
DA:490,0
DA:494,0
DA:500,0
DA:501,0
DA:522,0
DA:523,0
DA:524,0
DA:530,0
DA:532,0
DA:533,0
DA:537,0
DA:543,0
DA:544,0
DA:557,0
DA:558,0
DA:559,0
DA:565,0
DA:567,0
DA:568,0
DA:572,0
DA:578,0
DA:579,0
DA:598,0
DA:599,0
DA:600,0
DA:606,0
DA:607,0
DA:608,0
DA:614,0
DA:615,0
DA:617,0
DA:624,0
DA:625,0
DA:642,0
DA:644,0
DA:647,0
DA:650,0
DA:651,0
DA:652,0
DA:653,0
DA:655,0
DA:658,0
DA:664,0
DA:665,0
DA:685,0
DA:687,0
DA:688,0
DA:691,0
DA:693,0
DA:694,0
DA:706,0
DA:708,0
DA:709,0
DA:715,0
DA:716,0
DA:722,0
DA:723,0
DA:724,0
DA:731,0
DA:732,0
DA:734,0
DA:736,0
DA:737,0
DA:742,0
DA:748,0
DA:749,0
DA:756,0
DA:757,0
DA:772,0
DA:774,0
DA:775,0
DA:782,0
DA:784,0
DA:785,0
DA:800,0
DA:801,0
DA:803,0
DA:804,0
DA:807,0
DA:808,0
DA:810,0
DA:811,0
DA:812,0
DA:814,0
DA:815,0
DA:820,0
DA:823,0
DA:825,0
DA:826,0
DA:838,0
DA:839,0
DA:841,0
DA:843,0
DA:845,0
DA:846,0
DA:849,0
DA:850,0
DA:859,0
DA:860,0
DA:861,0
DA:863,0
DA:864,0
DA:878,0
DA:885,0
DA:887,0
DA:888,0
DA:890,0
DA:891,0
DA:895,0
DA:898,0
DA:900,0
DA:901,0
DA:902,0
DA:903,0
DA:905,0
DA:906,0
DA:911,0
DA:912,0
DA:913,0
DA:914,0
DA:915,0
DA:918,0
DA:919,0
DA:923,0
DA:924,0
DA:928,0
DA:929,0
DA:933,0
DA:934,0
DA:936,0
DA:937,0
DA:938,0
DA:939,0
DA:940,0
DA:944,0
DA:945,0
DA:947,0
DA:948,0
DA:949,0
DA:950,0
DA:951,0
DA:955,0
DA:956,0
DA:957,0
DA:958,0
DA:959,0
DA:960,0
DA:963,0
DA:965,0
DA:966,0
DA:967,0
DA:968,0
DA:969,0
DA:973,0
DA:976,0
DA:985,0
DA:989,0
DA:995,0
DA:996,0
DA:998,0
DA:999,0
DA:1000,0
DA:1001,0
DA:1005,0
DA:1008,0
DA:1009,0
DA:1010,0
DA:1013,0
DA:1023,0
DA:1024,0
DA:1025,0
DA:1028,0
DA:1030,0
DA:1032,0
DA:1034,0
DA:1036,0
DA:1040,0
DA:1041,0
DA:1042,0
DA:1048,0
DA:1053,0
DA:1054,0
DA:1075,0
DA:1077,0
DA:1078,0
DA:1085,0
DA:1086,0
DA:1087,0
DA:1088,0
DA:1095,0
DA:1096,0
DA:1097,0
DA:1098,0
DA:1106,0
DA:1107,0
DA:1108,0
DA:1109,0
DA:1110,0
DA:1118,0
DA:1119,0
DA:1121,0
DA:1125,0
DA:1126,0
DA:1150,0
DA:1152,0
DA:1153,0
DA:1162,0
DA:1164,0
DA:1165,0
DA:1185,0
DA:1186,0
DA:1187,0
DA:1193,0
DA:1194,0
DA:1200,0
DA:1201,0
LF:341
LH:0
BRDA:40,0,0,0
BRDA:40,0,1,0
BRDA:99,1,0,0
BRDA:99,1,1,0
BRDA:100,2,0,0
BRDA:100,2,1,0
BRDA:103,3,0,0
BRDA:103,3,1,0
BRDA:104,4,0,0
BRDA:104,4,1,0
BRDA:123,5,0,0
BRDA:123,5,1,0
BRDA:172,6,0,0
BRDA:172,6,1,0
BRDA:172,7,0,0
BRDA:172,7,1,0
BRDA:179,8,0,0
BRDA:179,8,1,0
BRDA:179,9,0,0
BRDA:179,9,1,0
BRDA:179,9,2,0
BRDA:179,9,3,0
BRDA:194,10,0,0
BRDA:194,10,1,0
BRDA:201,11,0,0
BRDA:201,11,1,0
BRDA:234,12,0,0
BRDA:234,12,1,0
BRDA:234,13,0,0
BRDA:234,13,1,0
BRDA:241,14,0,0
BRDA:241,14,1,0
BRDA:250,15,0,0
BRDA:250,15,1,0
BRDA:283,16,0,0
BRDA:283,16,1,0
BRDA:283,17,0,0
BRDA:283,17,1,0
BRDA:290,18,0,0
BRDA:290,18,1,0
BRDA:299,19,0,0
BRDA:299,19,1,0
BRDA:357,20,0,0
BRDA:357,20,1,0
BRDA:357,21,0,0
BRDA:357,21,1,0
BRDA:363,22,0,0
BRDA:363,22,1,0
BRDA:363,23,0,0
BRDA:363,23,1,0
BRDA:363,23,2,0
BRDA:363,23,3,0
BRDA:372,24,0,0
BRDA:372,24,1,0
BRDA:380,25,0,0
BRDA:380,25,1,0
BRDA:391,26,0,0
BRDA:391,26,1,0
BRDA:405,27,0,0
BRDA:405,27,1,0
BRDA:405,28,0,0
BRDA:405,28,1,0
BRDA:415,29,0,0
BRDA:415,29,1,0
BRDA:421,30,0,0
BRDA:421,30,1,0
BRDA:480,31,0,0
BRDA:480,31,1,0
BRDA:480,32,0,0
BRDA:480,32,1,0
BRDA:480,32,2,0
BRDA:480,32,3,0
BRDA:489,33,0,0
BRDA:489,33,1,0
BRDA:523,34,0,0
BRDA:523,34,1,0
BRDA:523,35,0,0
BRDA:523,35,1,0
BRDA:523,35,2,0
BRDA:523,35,3,0
BRDA:532,36,0,0
BRDA:532,36,1,0
BRDA:558,37,0,0
BRDA:558,37,1,0
BRDA:567,38,0,0
BRDA:567,38,1,0
BRDA:599,39,0,0
BRDA:599,39,1,0
BRDA:607,40,0,0
BRDA:607,40,1,0
BRDA:652,41,0,0
BRDA:652,41,1,0
BRDA:687,42,0,0
BRDA:687,42,1,0
BRDA:691,43,0,0
BRDA:691,43,1,0
BRDA:708,44,0,0
BRDA:708,44,1,0
BRDA:708,45,0,0
BRDA:708,45,1,0
BRDA:715,46,0,0
BRDA:715,46,1,0
BRDA:723,47,0,0
BRDA:723,47,1,0
BRDA:734,48,0,0
BRDA:734,48,1,0
BRDA:739,49,0,0
BRDA:739,49,1,0
BRDA:739,50,0,0
BRDA:739,50,1,0
BRDA:739,51,0,0
BRDA:739,51,1,0
BRDA:771,52,0,0
BRDA:774,53,0,0
BRDA:774,53,1,0
BRDA:774,54,0,0
BRDA:774,54,1,0
BRDA:810,55,0,0
BRDA:810,55,1,0
BRDA:814,56,0,0
BRDA:814,56,1,0
BRDA:845,57,0,0
BRDA:845,57,1,0
BRDA:890,58,0,0
BRDA:890,58,1,0
BRDA:895,59,0,0
BRDA:895,59,1,0
BRDA:905,60,0,0
BRDA:905,60,1,0
BRDA:905,61,0,0
BRDA:905,61,1,0
BRDA:913,62,0,0
BRDA:913,62,1,0
BRDA:923,63,0,0
BRDA:923,63,1,0
BRDA:923,64,0,0
BRDA:923,64,1,0
BRDA:928,65,0,0
BRDA:928,65,1,0
BRDA:936,66,0,0
BRDA:936,66,1,0
BRDA:948,67,0,0
BRDA:948,67,1,0
BRDA:955,68,0,0
BRDA:955,68,1,0
BRDA:958,69,0,0
BRDA:958,69,1,0
BRDA:960,70,0,0
BRDA:960,70,1,0
BRDA:963,71,0,0
BRDA:963,71,1,0
BRDA:965,72,0,0
BRDA:965,72,1,0
BRDA:968,73,0,0
BRDA:968,73,1,0
BRDA:980,74,0,0
BRDA:980,74,1,0
BRDA:1030,75,0,0
BRDA:1030,75,1,0
BRDA:1034,76,0,0
BRDA:1034,76,1,0
BRDA:1040,77,0,0
BRDA:1040,77,1,0
BRDA:1077,78,0,0
BRDA:1077,78,1,0
BRDA:1077,79,0,0
BRDA:1077,79,1,0
BRDA:1085,80,0,0
BRDA:1085,80,1,0
BRDA:1085,81,0,0
BRDA:1085,81,1,0
BRDA:1087,82,0,0
BRDA:1087,82,1,0
BRDA:1095,83,0,0
BRDA:1095,83,1,0
BRDA:1095,84,0,0
BRDA:1095,84,1,0
BRDA:1097,85,0,0
BRDA:1097,85,1,0
BRDA:1106,86,0,0
BRDA:1106,86,1,0
BRDA:1106,87,0,0
BRDA:1106,87,1,0
BRDA:1106,87,2,0
BRDA:1106,87,3,0
BRDA:1109,88,0,0
BRDA:1109,88,1,0
BRDA:1118,89,0,0
BRDA:1118,89,1,0
BRDA:1119,90,0,0
BRDA:1119,90,1,0
BRDA:1152,91,0,0
BRDA:1152,91,1,0
BRDA:1152,92,0,0
BRDA:1152,92,1,0
BRDA:1186,93,0,0
BRDA:1186,93,1,0
BRDA:1186,94,0,0
BRDA:1186,94,1,0
BRF:199
BRH:0
end_of_record
TN:
SF:src/server/auth.ts
FN:15,authenticate
FN:40,isAdmin
FN:60,verifyAdminToken
FNF:3
FNH:0
FNDA:0,authenticate
FNDA:0,isAdmin
FNDA:0,verifyAdminToken
DA:16,0
DA:18,0
DA:19,0
DA:20,0
DA:24,0
DA:25,0
DA:28,0
DA:29,0
DA:30,0
DA:41,0
DA:43,0
DA:44,0
DA:47,0
DA:50,0
DA:51,0
DA:61,0
DA:62,0
DA:63,0
DA:66,0
DA:67,0
DA:69,0
DA:70,0
LF:22
LH:0
BRDA:18,0,0,0
BRDA:18,0,1,0
BRDA:18,1,0,0
BRDA:18,1,1,0
BRDA:43,2,0,0
BRDA:43,2,1,0
BRDA:62,3,0,0
BRDA:62,3,1,0
BRDA:62,4,0,0
BRDA:62,4,1,0
BRDA:67,5,0,0
BRDA:67,5,1,0
BRF:12
BRH:0
end_of_record
TN:
SF:src/server/calendar-helper.ts
FN:9,isAllDayEvent
FNF:1
FNH:0
FNDA:0,isAllDayEvent
DA:10,0
DA:11,0
DA:14,0
DA:15,0
DA:16,0
DA:17,0
DA:18,0
DA:21,0
DA:22,0
DA:23,0
DA:24,0
DA:25,0
DA:26,0
DA:29,0
DA:30,0
DA:31,0
DA:32,0
DA:35,0
LF:18
LH:0
BRDA:35,0,0,0
BRDA:35,0,1,0
BRDA:35,0,2,0
BRDA:35,0,3,0
BRDA:35,0,4,0
BRDA:35,0,5,0
BRDA:35,0,6,0
BRDA:35,0,7,0
BRDA:35,0,8,0
BRDA:35,0,9,0
BRF:10
BRH:0
end_of_record
TN:
SF:src/server/calendar.ts
FN:13,setupBandCalendar
FN:40,getOrCreateCalendar
FN:76,computeHash
FN:89,(anonymous_3)
FN:110,buildDescriptionWithMemberMap
FN:125,(anonymous_5)
FN:169,(anonymous_6)
FN:193,(anonymous_7)
FN:194,(anonymous_8)
FN:212,(anonymous_9)
FN:222,(anonymous_10)
FN:235,(anonymous_11)
FN:242,(anonymous_12)
FN:273,buildDescription
FN:300,(anonymous_14)
FN:314,(anonymous_15)
FN:360,(anonymous_16)
FN:361,(anonymous_17)
FN:379,(anonymous_18)
FN:389,(anonymous_19)
FN:408,(anonymous_20)
FN:415,(anonymous_21)
FN:419,(anonymous_22)
FN:453,upsertCalendarEvent
FN:658,updateEventCalendarInfo
FN:685,syncCalendarDescriptionForEvent
FN:747,pullFromCalendar
FN:784,(anonymous_27)
FN:854,(anonymous_28)
FN:1109,(anonymous_29)
FN:1343,syncAll
FN:1422,(anonymous_31)
FN:1429,(anonymous_32)
FN:1438,(anonymous_33)
FN:1443,(anonymous_34)
FNF:35
FNH:0
FNDA:0,setupBandCalendar
FNDA:0,getOrCreateCalendar
FNDA:0,computeHash
FNDA:0,(anonymous_3)
FNDA:0,buildDescriptionWithMemberMap
FNDA:0,(anonymous_5)
FNDA:0,(anonymous_6)
FNDA:0,(anonymous_7)
FNDA:0,(anonymous_8)
FNDA:0,(anonymous_9)
FNDA:0,(anonymous_10)
FNDA:0,(anonymous_11)
FNDA:0,(anonymous_12)
FNDA:0,buildDescription
FNDA:0,(anonymous_14)
FNDA:0,(anonymous_15)
FNDA:0,(anonymous_16)
FNDA:0,(anonymous_17)
FNDA:0,(anonymous_18)
FNDA:0,(anonymous_19)
FNDA:0,(anonymous_20)
FNDA:0,(anonymous_21)
FNDA:0,(anonymous_22)
FNDA:0,upsertCalendarEvent
FNDA:0,updateEventCalendarInfo
FNDA:0,syncCalendarDescriptionForEvent
FNDA:0,pullFromCalendar
FNDA:0,(anonymous_27)
FNDA:0,(anonymous_28)
FNDA:0,(anonymous_29)
FNDA:0,syncAll
FNDA:0,(anonymous_31)
FNDA:0,(anonymous_32)
FNDA:0,(anonymous_33)
FNDA:0,(anonymous_34)
DA:14,0
DA:17,0
DA:18,0
DA:20,0
DA:23,0
DA:25,0
DA:28,0
DA:29,0
DA:30,0
DA:41,0
DA:43,0
DA:45,0
DA:47,0
DA:48,0
DA:49,0
DA:50,0
DA:58,0
DA:61,0
DA:62,0
DA:63,0
DA:77,0
DA:78,0
DA:79,0
DA:80,0
DA:83,0
DA:89,0
DA:90,0
DA:91,0
DA:94,0
DA:95,0
DA:96,0
DA:117,0
DA:120,0
DA:121,0
DA:122,0
DA:123,0
DA:125,0
DA:127,0
DA:128,0
DA:131,0
DA:132,0
DA:133,0
DA:134,0
DA:137,0
DA:139,0
DA:140,0
DA:142,0
DA:145,0
DA:146,0
DA:150,0
DA:151,0
DA:152,0
DA:153,0
DA:154,0
DA:155,0
DA:158,0
DA:159,0
DA:162,0
DA:169,0
DA:170,0
DA:172,0
DA:173,0
DA:174,0
DA:177,0
DA:178,0
DA:181,0
DA:182,0
DA:183,0
DA:185,0
DA:190,0
DA:193,0
DA:194,0
DA:195,0
DA:196,0
DA:197,0
DA:198,0
DA:199,0
DA:200,0
DA:205,0
DA:212,0
DA:213,0
DA:214,0
DA:216,0
DA:217,0
DA:220,0
DA:222,0
DA:223,0
DA:224,0
DA:226,0
DA:229,0
DA:235,0
DA:237,0
DA:240,0
DA:241,0
DA:242,0
DA:244,0
DA:245,0
DA:248,0
DA:249,0
DA:252,0
DA:253,0
DA:256,0
DA:258,0
DA:260,0
DA:261,0
DA:262,0
DA:274,0
DA:275,0
DA:276,0
DA:277,0
DA:279,0
DA:282,0
DA:283,0
DA:287,0
DA:288,0
DA:289,0
DA:290,0
DA:291,0
DA:292,0
DA:295,0
DA:296,0
DA:297,0
DA:298,0
DA:299,0
DA:300,0
DA:301,0
DA:304,0
DA:307,0
DA:314,0
DA:315,0
DA:317,0
DA:318,0
DA:319,0
DA:321,0
DA:322,0
DA:323,0
DA:326,0
DA:327,0
DA:329,0
DA:330,0
DA:331,0
DA:332,0
DA:333,0
DA:334,0
DA:337,0
DA:338,0
DA:339,0
DA:342,0
DA:343,0
DA:348,0
DA:349,0
DA:350,0
DA:352,0
DA:357,0
DA:360,0
DA:361,0
DA:362,0
DA:363,0
DA:364,0
DA:365,0
DA:366,0
DA:367,0
DA:372,0
DA:379,0
DA:380,0
DA:381,0
DA:383,0
DA:384,0
DA:387,0
DA:389,0
DA:390,0
DA:391,0
DA:393,0
DA:396,0
DA:399,0
DA:400,0
DA:401,0
DA:406,0
DA:407,0
DA:408,0
DA:410,0
DA:411,0
DA:413,0
DA:414,0
DA:415,0
DA:416,0
DA:419,0
DA:421,0
DA:422,0
DA:425,0
DA:426,0
DA:429,0
DA:430,0
DA:433,0
DA:434,0
DA:435,0
DA:438,0
DA:440,0
DA:442,0
DA:443,0
DA:454,0
DA:455,0
DA:456,0
DA:457,0
DA:460,0
DA:461,0
DA:463,0
DA:464,0
DA:465,0
DA:468,0
DA:469,0
DA:473,0
DA:474,0
DA:476,0
DA:478,0
DA:479,0
DA:480,0
DA:481,0
DA:485,0
DA:487,0
DA:488,0
DA:489,0
DA:490,0
DA:491,0
DA:492,0
DA:494,0
DA:495,0
DA:499,0
DA:502,0
DA:503,0
DA:504,0
DA:505,0
DA:511,0
DA:512,0
DA:515,0
DA:518,0
DA:519,0
DA:522,0
DA:523,0
DA:524,0
DA:525,0
DA:527,0
DA:528,0
DA:529,0
DA:533,0
DA:536,0
DA:537,0
DA:538,0
DA:539,0
DA:540,0
DA:543,0
DA:545,0
DA:546,0
DA:548,0
DA:549,0
DA:550,0
DA:551,0
DA:553,0
DA:557,0
DA:559,0
DA:562,0
DA:563,0
DA:567,0
DA:568,0
DA:569,0
DA:570,0
DA:572,0
DA:576,0
DA:577,0
DA:579,0
DA:580,0
DA:582,0
DA:584,0
DA:587,0
DA:588,0
DA:591,0
DA:592,0
DA:596,0
DA:597,0
DA:600,0
DA:606,0
DA:609,0
DA:611,0
DA:621,0
DA:632,0
DA:635,0
DA:637,0
DA:639,0
DA:640,0
DA:641,0
DA:642,0
DA:646,0
DA:647,0
DA:648,0
DA:659,0
DA:660,0
DA:661,0
DA:664,0
DA:665,0
DA:667,0
DA:668,0
DA:670,0
DA:671,0
DA:675,0
DA:677,0
DA:686,0
DA:687,0
DA:688,0
DA:689,0
DA:690,0
DA:693,0
DA:694,0
DA:696,0
DA:697,0
DA:700,0
DA:701,0
DA:703,0
DA:704,0
DA:705,0
DA:708,0
DA:709,0
DA:711,0
DA:712,0
DA:713,0
DA:716,0
DA:717,0
DA:720,0
DA:723,0
DA:725,0
DA:727,0
DA:731,0
DA:732,0
DA:748,0
DA:754,0
DA:757,0
DA:758,0
DA:760,0
DA:761,0
DA:762,0
DA:763,0
DA:764,0
DA:765,0
DA:770,0
DA:771,0
DA:772,0
DA:774,0
DA:777,0
DA:780,0
DA:782,0
DA:784,0
DA:785,0
DA:786,0
DA:791,0
DA:792,0
DA:793,0
DA:794,0
DA:796,0
DA:799,0
DA:800,0
DA:805,0
DA:806,0
DA:807,0
DA:808,0
DA:809,0
DA:810,0
DA:811,0
DA:812,0
DA:813,0
DA:818,0
DA:821,0
DA:823,0
DA:825,0
DA:826,0
DA:827,0
DA:829,0
DA:831,0
DA:833,0
DA:835,0
DA:840,0
DA:841,0
DA:843,0
DA:844,0
DA:845,0
DA:846,0
DA:848,0
DA:853,0
DA:854,0
DA:855,0
DA:856,0
DA:857,0
DA:860,0
DA:861,0
DA:865,0
DA:867,0
DA:868,0
DA:869,0
DA:870,0
DA:871,0
DA:873,0
DA:875,0
DA:879,0
DA:883,0
DA:885,0
DA:887,0
DA:892,0
DA:893,0
DA:895,0
DA:896,0
DA:897,0
DA:898,0
DA:903,0
DA:904,0
DA:905,0
DA:909,0
DA:910,0
DA:912,0
DA:913,0
DA:914,0
DA:915,0
DA:918,0
DA:921,0
DA:927,0
DA:928,0
DA:929,0
DA:930,0
DA:934,0
DA:936,0
DA:945,0
DA:947,0
DA:948,0
DA:949,0
DA:953,0
DA:955,0
DA:956,0
DA:957,0
DA:958,0
DA:961,0
DA:962,0
DA:963,0
DA:964,0
DA:966,0
DA:970,0
DA:972,0
DA:975,0
DA:976,0
DA:978,0
DA:982,0
DA:983,0
DA:984,0
DA:985,0
DA:989,0
DA:992,0
DA:1001,0
DA:1002,0
DA:1004,0
DA:1005,0
DA:1006,0
DA:1007,0
DA:1012,0
DA:1013,0
DA:1017,0
DA:1018,0
DA:1020,0
DA:1021,0
DA:1022,0
DA:1023,0
DA:1031,0
DA:1033,0
DA:1034,0
DA:1035,0
DA:1037,0
DA:1039,0
DA:1041,0
DA:1044,0
DA:1046,0
DA:1051,0
DA:1052,0
DA:1054,0
DA:1055,0
DA:1056,0
DA:1057,0
DA:1059,0
DA:1061,0
DA:1062,0
DA:1063,0
DA:1072,0
DA:1073,0
DA:1075,0
DA:1076,0
DA:1077,0
DA:1078,0
DA:1081,0
DA:1086,0
DA:1087,0
DA:1088,0
DA:1092,0
DA:1093,0
DA:1095,0
DA:1096,0
DA:1097,0
DA:1098,0
DA:1101,0
DA:1108,0
DA:1109,0
DA:1110,0
DA:1111,0
DA:1112,0
DA:1115,0
DA:1116,0
DA:1120,0
DA:1122,0
DA:1123,0
DA:1124,0
DA:1125,0
DA:1126,0
DA:1128,0
DA:1130,0
DA:1134,0
DA:1138,0
DA:1140,0
DA:1142,0
DA:1144,0
DA:1149,0
DA:1150,0
DA:1152,0
DA:1153,0
DA:1154,0
DA:1155,0
DA:1160,0
DA:1161,0
DA:1162,0
DA:1166,0
DA:1167,0
DA:1169,0
DA:1170,0
DA:1171,0
DA:1172,0
DA:1175,0
DA:1182,0
DA:1183,0
DA:1184,0
DA:1185,0
DA:1189,0
DA:1191,0
DA:1200,0
DA:1202,0
DA:1206,0
DA:1208,0
DA:1209,0
DA:1210,0
DA:1211,0
DA:1217,0
DA:1218,0
DA:1219,0
DA:1220,0
DA:1227,0
DA:1228,0
DA:1229,0
DA:1230,0
DA:1233,0
DA:1234,0
DA:1235,0
DA:1236,0
DA:1237,0
DA:1239,0
DA:1244,0
DA:1246,0
DA:1247,0
DA:1248,0
DA:1250,0
DA:1251,0
DA:1253,0
DA:1254,0
DA:1257,0
DA:1259,0
DA:1260,0
DA:1262,0
DA:1267,0
DA:1269,0
DA:1270,0
DA:1273,0
DA:1274,0
DA:1279,0
DA:1280,0
DA:1281,0
DA:1282,0
DA:1285,0
DA:1286,0
DA:1287,0
DA:1288,0
DA:1289,0
DA:1292,0
DA:1297,0
DA:1298,0
DA:1301,0
DA:1302,0
DA:1303,0
DA:1304,0
DA:1306,0
DA:1307,0
DA:1308,0
DA:1309,0
DA:1312,0
DA:1313,0
DA:1314,0
DA:1315,0
DA:1316,0
DA:1322,0
DA:1323,0
DA:1326,0
DA:1329,0
DA:1330,0
DA:1331,0
DA:1332,0
DA:1333,0
DA:1334,0
DA:1346,0
DA:1347,0
DA:1349,0
DA:1350,0
DA:1351,0
DA:1353,0
DA:1354,0
DA:1355,0
DA:1356,0
DA:1357,0
DA:1361,0
DA:1362,0
DA:1363,0
DA:1364,0
DA:1365,0
DA:1368,0
DA:1372,0
DA:1373,0
DA:1378,0
DA:1381,0
DA:1382,0
DA:1384,0
DA:1386,0
DA:1389,0
DA:1391,0
DA:1392,0
DA:1393,0
DA:1394,0
DA:1396,0
DA:1397,0
DA:1399,0
DA:1400,0
DA:1403,0
DA:1404,0
DA:1406,0
DA:1407,0
DA:1410,0
DA:1411,0
DA:1412,0
DA:1414,0
DA:1415,0
DA:1418,0
DA:1419,0
DA:1420,0
DA:1422,0
DA:1428,0
DA:1429,0
DA:1430,0
DA:1431,0
DA:1433,0
DA:1437,0
DA:1438,0
DA:1439,0
DA:1443,0
DA:1444,0
DA:1445,0
DA:1447,0
DA:1448,0
DA:1449,0
DA:1450,0
DA:1451,0
DA:1455,0
DA:1459,0
DA:1460,0
DA:1469,0
DA:1472,0
DA:1473,0
DA:1474,0
DA:1475,0
DA:1479,0
DA:1480,0
DA:1485,0
DA:1486,0
DA:1490,0
LF:690
LH:0
BRDA:45,0,0,0
BRDA:45,0,1,0
BRDA:49,1,0,0
BRDA:49,1,1,0
BRDA:78,2,0,0
BRDA:78,2,1,0
BRDA:78,3,0,0
BRDA:78,3,1,0
BRDA:90,4,0,0
BRDA:90,4,1,0
BRDA:91,5,0,0
BRDA:91,5,1,0
BRDA:115,6,0,0
BRDA:127,7,0,0
BRDA:127,7,1,0
BRDA:131,8,0,0
BRDA:131,8,1,0
BRDA:132,9,0,0
BRDA:132,9,1,0
BRDA:133,10,0,0
BRDA:133,10,1,0
BRDA:134,11,0,0
BRDA:134,11,1,0
BRDA:145,12,0,0
BRDA:145,12,1,0
BRDA:145,13,0,0
BRDA:145,13,1,0
BRDA:158,14,0,0
BRDA:158,14,1,0
BRDA:170,15,0,0
BRDA:170,15,1,0
BRDA:170,16,0,0
BRDA:170,16,1,0
BRDA:170,16,2,0
BRDA:170,16,3,0
BRDA:173,17,0,0
BRDA:173,17,1,0
BRDA:177,18,0,0
BRDA:177,18,1,0
BRDA:178,19,0,0
BRDA:178,19,1,0
BRDA:178,19,2,0
BRDA:181,20,0,0
BRDA:181,20,1,0
BRDA:182,21,0,0
BRDA:182,21,1,0
BRDA:197,22,0,0
BRDA:197,22,1,0
BRDA:197,23,0,0
BRDA:197,23,1,0
BRDA:198,24,0,0
BRDA:198,24,1,0
BRDA:198,25,0,0
BRDA:198,25,1,0
BRDA:199,26,0,0
BRDA:199,26,1,0
BRDA:199,27,0,0
BRDA:199,27,1,0
BRDA:216,28,0,0
BRDA:216,28,1,0
BRDA:224,29,0,0
BRDA:224,29,1,0
BRDA:226,30,0,0
BRDA:226,30,1,0
BRDA:237,31,0,0
BRDA:237,31,1,0
BRDA:237,31,2,0
BRDA:240,32,0,0
BRDA:240,32,1,0
BRDA:245,33,0,0
BRDA:245,33,1,0
BRDA:245,33,2,0
BRDA:245,34,0,0
BRDA:245,34,1,0
BRDA:245,35,0,0
BRDA:245,35,1,0
BRDA:245,36,0,0
BRDA:245,36,1,0
BRDA:245,37,0,0
BRDA:245,37,1,0
BRDA:248,38,0,0
BRDA:248,38,1,0
BRDA:248,39,0,0
BRDA:248,39,1,0
BRDA:248,40,0,0
BRDA:248,40,1,0
BRDA:273,41,0,0
BRDA:282,42,0,0
BRDA:282,42,1,0
BRDA:282,43,0,0
BRDA:282,43,1,0
BRDA:295,44,0,0
BRDA:295,44,1,0
BRDA:315,45,0,0
BRDA:315,45,1,0
BRDA:315,46,0,0
BRDA:315,46,1,0
BRDA:315,46,2,0
BRDA:315,46,3,0
BRDA:321,47,0,0
BRDA:321,47,1,0
BRDA:322,48,0,0
BRDA:322,48,1,0
BRDA:323,49,0,0
BRDA:323,49,1,0
BRDA:323,49,2,0
BRDA:326,50,0,0
BRDA:326,50,1,0
BRDA:326,51,0,0
BRDA:326,51,1,0
BRDA:331,52,0,0
BRDA:331,52,1,0
BRDA:333,53,0,0
BRDA:333,53,1,0
BRDA:337,54,0,0
BRDA:337,54,1,0
BRDA:348,55,0,0
BRDA:348,55,1,0
BRDA:349,56,0,0
BRDA:349,56,1,0
BRDA:364,57,0,0
BRDA:364,57,1,0
BRDA:364,58,0,0
BRDA:364,58,1,0
BRDA:365,59,0,0
BRDA:365,59,1,0
BRDA:365,60,0,0
BRDA:365,60,1,0
BRDA:366,61,0,0
BRDA:366,61,1,0
BRDA:366,62,0,0
BRDA:366,62,1,0
BRDA:383,63,0,0
BRDA:383,63,1,0
BRDA:391,64,0,0
BRDA:391,64,1,0
BRDA:393,65,0,0
BRDA:393,65,1,0
BRDA:408,66,0,0
BRDA:408,66,1,0
BRDA:410,67,0,0
BRDA:410,67,1,0
BRDA:422,68,0,0
BRDA:422,68,1,0
BRDA:422,68,2,0
BRDA:422,69,0,0
BRDA:422,69,1,0
BRDA:422,70,0,0
BRDA:422,70,1,0
BRDA:422,71,0,0
BRDA:422,71,1,0
BRDA:422,72,0,0
BRDA:422,72,1,0
BRDA:425,73,0,0
BRDA:425,73,1,0
BRDA:425,74,0,0
BRDA:425,74,1,0
BRDA:425,75,0,0
BRDA:425,75,1,0
BRDA:453,76,0,0
BRDA:455,77,0,0
BRDA:455,77,1,0
BRDA:455,78,0,0
BRDA:455,78,1,0
BRDA:463,79,0,0
BRDA:463,79,1,0
BRDA:474,80,0,0
BRDA:474,80,1,0
BRDA:478,81,0,0
BRDA:478,81,1,0
BRDA:491,82,0,0
BRDA:491,82,1,0
BRDA:502,83,0,0
BRDA:502,83,1,0
BRDA:522,84,0,0
BRDA:522,84,1,0
BRDA:522,85,0,0
BRDA:522,85,1,0
BRDA:533,86,0,0
BRDA:533,86,1,0
BRDA:539,87,0,0
BRDA:539,87,1,0
BRDA:546,88,0,0
BRDA:546,88,1,0
BRDA:546,89,0,0
BRDA:546,89,1,0
BRDA:546,89,2,0
BRDA:551,90,0,0
BRDA:551,90,1,0
BRDA:551,91,0,0
BRDA:551,91,1,0
BRDA:553,92,0,0
BRDA:553,92,1,0
BRDA:559,93,0,0
BRDA:559,93,1,0
BRDA:562,94,0,0
BRDA:562,94,1,0
BRDA:562,95,0,0
BRDA:562,95,1,0
BRDA:562,95,2,0
BRDA:562,95,3,0
BRDA:563,96,0,0
BRDA:563,96,1,0
BRDA:567,97,0,0
BRDA:567,97,1,0
BRDA:567,98,0,0
BRDA:567,98,1,0
BRDA:567,98,2,0
BRDA:567,98,3,0
BRDA:576,99,0,0
BRDA:576,99,1,0
BRDA:579,100,0,0
BRDA:579,100,1,0
BRDA:580,101,0,0
BRDA:580,101,1,0
BRDA:580,102,0,0
BRDA:580,102,1,0
BRDA:587,103,0,0
BRDA:587,103,1,0
BRDA:588,104,0,0
BRDA:588,104,1,0
BRDA:591,105,0,0
BRDA:591,105,1,0
BRDA:596,106,0,0
BRDA:596,106,1,0
BRDA:597,107,0,0
BRDA:597,107,1,0
BRDA:600,108,0,0
BRDA:600,108,1,0
BRDA:609,109,0,0
BRDA:609,109,1,0
BRDA:609,110,0,0
BRDA:609,110,1,0
BRDA:615,111,0,0
BRDA:615,111,1,0
BRDA:626,112,0,0
BRDA:626,112,1,0
BRDA:665,113,0,0
BRDA:665,113,1,0
BRDA:688,114,0,0
BRDA:688,114,1,0
BRDA:693,115,0,0
BRDA:693,115,1,0
BRDA:703,116,0,0
BRDA:703,116,1,0
BRDA:716,117,0,0
BRDA:716,117,1,0
BRDA:757,118,0,0
BRDA:757,118,1,0
BRDA:760,119,0,0
BRDA:760,119,1,0
BRDA:771,120,0,0
BRDA:771,120,1,0
BRDA:772,121,0,0
BRDA:772,121,1,0
BRDA:785,122,0,0
BRDA:785,122,1,0
BRDA:791,123,0,0
BRDA:791,123,1,0
BRDA:799,124,0,0
BRDA:799,124,1,0
BRDA:799,125,0,0
BRDA:799,125,1,0
BRDA:811,126,0,0
BRDA:811,126,1,0
BRDA:812,127,0,0
BRDA:812,127,1,0
BRDA:821,128,0,0
BRDA:821,128,1,0
BRDA:825,129,0,0
BRDA:825,129,1,0
BRDA:833,130,0,0
BRDA:833,130,1,0
BRDA:840,131,0,0
BRDA:840,131,1,0
BRDA:855,132,0,0
BRDA:855,132,1,0
BRDA:860,133,0,0
BRDA:860,133,1,0
BRDA:860,134,0,0
BRDA:860,134,1,0
BRDA:860,135,0,0
BRDA:860,135,1,0
BRDA:865,136,0,0
BRDA:865,136,1,0
BRDA:865,137,0,0
BRDA:865,137,1,0
BRDA:871,138,0,0
BRDA:871,138,1,0
BRDA:873,139,0,0
BRDA:873,139,1,0
BRDA:873,140,0,0
BRDA:873,140,1,0
BRDA:875,141,0,0
BRDA:875,141,1,0
BRDA:883,142,0,0
BRDA:883,142,1,0
BRDA:885,143,0,0
BRDA:885,143,1,0
BRDA:892,144,0,0
BRDA:892,144,1,0
BRDA:903,145,0,0
BRDA:903,145,1,0
BRDA:904,146,0,0
BRDA:904,146,1,0
BRDA:904,147,0,0
BRDA:904,147,1,0
BRDA:909,148,0,0
BRDA:909,148,1,0
BRDA:929,149,0,0
BRDA:929,149,1,0
BRDA:945,150,0,0
BRDA:945,150,1,0
BRDA:948,151,0,0
BRDA:948,151,1,0
BRDA:972,152,0,0
BRDA:972,152,1,0
BRDA:975,153,0,0
BRDA:975,153,1,0
BRDA:978,154,0,0
BRDA:978,154,1,0
BRDA:984,155,0,0
BRDA:984,155,1,0
BRDA:1001,156,0,0
BRDA:1001,156,1,0
BRDA:1012,157,0,0
BRDA:1012,157,1,0
BRDA:1017,158,0,0
BRDA:1017,158,1,0
BRDA:1033,159,0,0
BRDA:1033,159,1,0
BRDA:1041,160,0,0
BRDA:1041,160,1,0
BRDA:1044,161,0,0
BRDA:1044,161,1,0
BRDA:1051,162,0,0
BRDA:1051,162,1,0
BRDA:1059,163,0,0
BRDA:1059,163,1,0
BRDA:1061,164,0,0
BRDA:1061,164,1,0
BRDA:1062,165,0,0
BRDA:1062,165,1,0
BRDA:1072,166,0,0
BRDA:1072,166,1,0
BRDA:1086,167,0,0
BRDA:1086,167,1,0
BRDA:1087,168,0,0
BRDA:1087,168,1,0
BRDA:1087,169,0,0
BRDA:1087,169,1,0
BRDA:1092,170,0,0
BRDA:1092,170,1,0
BRDA:1110,171,0,0
BRDA:1110,171,1,0
BRDA:1115,172,0,0
BRDA:1115,172,1,0
BRDA:1115,173,0,0
BRDA:1115,173,1,0
BRDA:1115,174,0,0
BRDA:1115,174,1,0
BRDA:1120,175,0,0
BRDA:1120,175,1,0
BRDA:1120,176,0,0
BRDA:1120,176,1,0
BRDA:1126,177,0,0
BRDA:1126,177,1,0
BRDA:1128,178,0,0
BRDA:1128,178,1,0
BRDA:1128,179,0,0
BRDA:1128,179,1,0
BRDA:1130,180,0,0
BRDA:1130,180,1,0
BRDA:1138,181,0,0
BRDA:1138,181,1,0
BRDA:1142,182,0,0
BRDA:1142,182,1,0
BRDA:1149,183,0,0
BRDA:1149,183,1,0
BRDA:1160,184,0,0
BRDA:1160,184,1,0
BRDA:1161,185,0,0
BRDA:1161,185,1,0
BRDA:1161,186,0,0
BRDA:1161,186,1,0
BRDA:1166,187,0,0
BRDA:1166,187,1,0
BRDA:1184,188,0,0
BRDA:1184,188,1,0
BRDA:1200,189,0,0
BRDA:1200,189,1,0
BRDA:1253,190,0,0
BRDA:1253,190,1,0
BRDA:1254,191,0,0
BRDA:1254,191,1,0
BRDA:1259,192,0,0
BRDA:1259,192,1,0
BRDA:1269,193,0,0
BRDA:1269,193,1,0
BRDA:1273,194,0,0
BRDA:1273,194,1,0
BRDA:1297,195,0,0
BRDA:1297,195,1,0
BRDA:1303,196,0,0
BRDA:1303,196,1,0
BRDA:1322,197,0,0
BRDA:1322,197,1,0
BRDA:1343,198,0,0
BRDA:1349,199,0,0
BRDA:1349,199,1,0
BRDA:1353,200,0,0
BRDA:1353,200,1,0
BRDA:1355,201,0,0
BRDA:1355,201,1,0
BRDA:1361,202,0,0
BRDA:1361,202,1,0
BRDA:1363,203,0,0
BRDA:1363,203,1,0
BRDA:1372,204,0,0
BRDA:1372,204,1,0
BRDA:1372,205,0,0
BRDA:1372,205,1,0
BRDA:1418,206,0,0
BRDA:1418,206,1,0
BRDA:1430,207,0,0
BRDA:1430,207,1,0
BRDA:1444,208,0,0
BRDA:1444,208,1,0
BRDA:1448,209,0,0
BRDA:1448,209,1,0
BRDA:1455,210,0,0
BRDA:1455,210,1,0
BRDA:1472,211,0,0
BRDA:1472,211,1,0
BRF:434
BRH:0
end_of_record
TN:
SF:src/server/events.ts
FN:16,getEventsSheet
FN:37,createEvent
FN:168,getEvents
FN:277,getEventById
FN:340,updateEvent
FN:457,(anonymous_5)
FN:519,deleteEvent
FN:579,batchUpdateIsAllDayFlags
FN:627,(anonymous_8)
FNF:9
FNH:0
FNDA:0,getEventsSheet
FNDA:0,createEvent
FNDA:0,getEvents
FNDA:0,getEventById
FNDA:0,updateEvent
FNDA:0,(anonymous_5)
FNDA:0,deleteEvent
FNDA:0,batchUpdateIsAllDayFlags
FNDA:0,(anonymous_8)
DA:17,0
DA:18,0
DA:20,0
DA:21,0
DA:24,0
DA:45,0
DA:47,0
DA:48,0
DA:49,0
DA:52,0
DA:53,0
DA:54,0
DA:57,0
DA:58,0
DA:59,0
DA:63,0
DA:64,0
DA:65,0
DA:67,0
DA:68,0
DA:69,0
DA:72,0
DA:73,0
DA:74,0
DA:77,0
DA:78,0
DA:82,0
DA:83,0
DA:84,0
DA:87,0
DA:90,0
DA:91,0
DA:92,0
DA:93,0
DA:94,0
DA:96,0
DA:97,0
DA:98,0
DA:100,0
DA:101,0
DA:102,0
DA:103,0
DA:107,0
DA:125,0
DA:126,0
DA:127,0
DA:128,0
DA:129,0
DA:130,0
DA:134,0
DA:135,0
DA:136,0
DA:137,0
DA:139,0
DA:140,0
DA:141,0
DA:142,0
DA:148,0
DA:152,0
DA:155,0
DA:156,0
DA:157,0
DA:169,0
DA:170,0
DA:171,0
DA:174,0
DA:175,0
DA:178,0
DA:179,0
DA:182,0
DA:183,0
DA:185,0
DA:186,0
DA:187,0
DA:188,0
DA:192,0
DA:193,0
DA:194,0
DA:195,0
DA:198,0
DA:199,0
DA:203,0
DA:204,0
DA:207,0
DA:208,0
DA:213,0
DA:214,0
DA:217,0
DA:234,0
DA:235,0
DA:236,0
DA:239,0
DA:240,0
DA:242,0
DA:243,0
DA:248,0
DA:249,0
DA:250,0
DA:251,0
DA:253,0
DA:254,0
DA:255,0
DA:256,0
DA:260,0
DA:263,0
DA:266,0
DA:267,0
DA:268,0
DA:278,0
DA:279,0
DA:280,0
DA:281,0
DA:284,0
DA:285,0
DA:288,0
DA:289,0
DA:291,0
DA:293,0
DA:294,0
DA:295,0
DA:299,0
DA:300,0
DA:303,0
DA:319,0
DA:323,0
DA:324,0
DA:327,0
DA:328,0
DA:329,0
DA:341,0
DA:342,0
DA:343,0
DA:344,0
DA:347,0
DA:348,0
DA:351,0
DA:352,0
DA:354,0
DA:356,0
DA:357,0
DA:358,0
DA:362,0
DA:365,0
DA:366,0
DA:367,0
DA:368,0
DA:373,0
DA:374,0
DA:375,0
DA:376,0
DA:378,0
DA:379,0
DA:380,0
DA:384,0
DA:385,0
DA:387,0
DA:388,0
DA:390,0
DA:392,0
DA:393,0
DA:394,0
DA:395,0
DA:396,0
DA:397,0
DA:398,0
DA:399,0
DA:401,0
DA:403,0
DA:405,0
DA:406,0
DA:407,0
DA:408,0
DA:409,0
DA:410,0
DA:411,0
DA:412,0
DA:414,0
DA:416,0
DA:417,0
DA:419,0
DA:420,0
DA:421,0
DA:422,0
DA:423,0
DA:424,0
DA:425,0
DA:426,0
DA:427,0
DA:428,0
DA:429,0
DA:430,0
DA:433,0
DA:434,0
DA:436,0
DA:437,0
DA:439,0
DA:440,0
DA:442,0
DA:443,0
DA:445,0
DA:446,0
DA:449,0
DA:450,0
DA:451,0
DA:455,0
DA:457,0
DA:459,0
DA:460,0
DA:461,0
DA:462,0
DA:463,0
DA:464,0
DA:467,0
DA:468,0
DA:469,0
DA:470,0
DA:473,0
DA:475,0
DA:478,0
DA:481,0
DA:487,0
DA:488,0
DA:489,0
DA:490,0
DA:491,0
DA:494,0
DA:498,0
DA:502,0
DA:503,0
DA:506,0
DA:507,0
DA:508,0
DA:520,0
DA:521,0
DA:522,0
DA:523,0
DA:527,0
DA:528,0
DA:529,0
DA:530,0
DA:534,0
DA:535,0
DA:536,0
DA:537,0
DA:539,0
DA:540,0
DA:541,0
DA:542,0
DA:545,0
DA:550,0
DA:555,0
DA:557,0
DA:558,0
DA:561,0
DA:564,0
DA:565,0
DA:566,0
DA:585,0
DA:587,0
DA:594,0
DA:596,0
DA:597,0
DA:599,0
DA:600,0
DA:602,0
DA:603,0
DA:604,0
DA:608,0
DA:611,0
DA:613,0
DA:614,0
DA:616,0
DA:617,0
DA:620,0
DA:621,0
DA:625,0
DA:626,0
DA:627,0
DA:628,0
DA:633,0
DA:634,0
DA:635,0
DA:638,0
LF:283
LH:0
BRDA:20,0,0,0
BRDA:20,0,1,0
BRDA:43,1,0,0
BRDA:47,2,0,0
BRDA:47,2,1,0
BRDA:47,3,0,0
BRDA:47,3,1,0
BRDA:52,4,0,0
BRDA:52,4,1,0
BRDA:57,5,0,0
BRDA:57,5,1,0
BRDA:57,6,0,0
BRDA:57,6,1,0
BRDA:67,7,0,0
BRDA:67,7,1,0
BRDA:67,8,0,0
BRDA:67,8,1,0
BRDA:72,9,0,0
BRDA:72,9,1,0
BRDA:92,10,0,0
BRDA:92,10,1,0
BRDA:113,11,0,0
BRDA:113,11,1,0
BRDA:114,12,0,0
BRDA:114,12,1,0
BRDA:125,13,0,0
BRDA:125,13,1,0
BRDA:128,14,0,0
BRDA:128,14,1,0
BRDA:130,15,0,0
BRDA:130,15,1,0
BRDA:136,16,0,0
BRDA:136,16,1,0
BRDA:182,17,0,0
BRDA:182,17,1,0
BRDA:183,18,0,0
BRDA:183,18,1,0
BRDA:185,19,0,0
BRDA:185,19,1,0
BRDA:187,20,0,0
BRDA:187,20,1,0
BRDA:192,21,0,0
BRDA:192,21,1,0
BRDA:194,22,0,0
BRDA:194,22,1,0
BRDA:198,23,0,0
BRDA:198,23,1,0
BRDA:207,24,0,0
BRDA:207,24,1,0
BRDA:214,25,0,0
BRDA:214,25,1,0
BRDA:214,26,0,0
BRDA:214,26,1,0
BRDA:214,26,2,0
BRDA:214,26,3,0
BRDA:215,27,0,0
BRDA:215,27,1,0
BRDA:215,28,0,0
BRDA:215,28,1,0
BRDA:215,28,2,0
BRDA:215,28,3,0
BRDA:224,29,0,0
BRDA:224,29,1,0
BRDA:225,30,0,0
BRDA:225,30,1,0
BRDA:229,31,0,0
BRDA:229,31,1,0
BRDA:234,32,0,0
BRDA:234,32,1,0
BRDA:234,33,0,0
BRDA:234,33,1,0
BRDA:239,34,0,0
BRDA:239,34,1,0
BRDA:239,35,0,0
BRDA:239,35,1,0
BRDA:242,36,0,0
BRDA:242,36,1,0
BRDA:242,37,0,0
BRDA:242,37,1,0
BRDA:248,38,0,0
BRDA:248,38,1,0
BRDA:250,39,0,0
BRDA:250,39,1,0
BRDA:253,40,0,0
BRDA:253,40,1,0
BRDA:255,41,0,0
BRDA:255,41,1,0
BRDA:279,42,0,0
BRDA:279,42,1,0
BRDA:291,43,0,0
BRDA:291,43,1,0
BRDA:293,44,0,0
BRDA:293,44,1,0
BRDA:300,45,0,0
BRDA:300,45,1,0
BRDA:300,46,0,0
BRDA:300,46,1,0
BRDA:300,46,2,0
BRDA:300,46,3,0
BRDA:301,47,0,0
BRDA:301,47,1,0
BRDA:301,48,0,0
BRDA:301,48,1,0
BRDA:301,48,2,0
BRDA:301,48,3,0
BRDA:310,49,0,0
BRDA:310,49,1,0
BRDA:311,50,0,0
BRDA:311,50,1,0
BRDA:315,51,0,0
BRDA:315,51,1,0
BRDA:340,52,0,0
BRDA:342,53,0,0
BRDA:342,53,1,0
BRDA:354,54,0,0
BRDA:354,54,1,0
BRDA:356,55,0,0
BRDA:356,55,1,0
BRDA:365,56,0,0
BRDA:365,56,1,0
BRDA:366,57,0,0
BRDA:366,57,1,0
BRDA:373,58,0,0
BRDA:373,58,1,0
BRDA:374,59,0,0
BRDA:374,59,1,0
BRDA:378,60,0,0
BRDA:378,60,1,0
BRDA:387,61,0,0
BRDA:387,61,1,0
BRDA:390,62,0,0
BRDA:390,62,1,0
BRDA:393,63,0,0
BRDA:393,63,1,0
BRDA:393,64,0,0
BRDA:393,64,1,0
BRDA:393,64,2,0
BRDA:393,64,3,0
BRDA:394,65,0,0
BRDA:394,65,1,0
BRDA:403,66,0,0
BRDA:403,66,1,0
BRDA:406,67,0,0
BRDA:406,67,1,0
BRDA:406,68,0,0
BRDA:406,68,1,0
BRDA:406,68,2,0
BRDA:406,68,3,0
BRDA:407,69,0,0
BRDA:407,69,1,0
BRDA:416,70,0,0
BRDA:416,70,1,0
BRDA:419,71,0,0
BRDA:419,71,1,0
BRDA:420,72,0,0
BRDA:420,72,1,0
BRDA:421,73,0,0
BRDA:421,73,1,0
BRDA:433,74,0,0
BRDA:433,74,1,0
BRDA:436,75,0,0
BRDA:436,75,1,0
BRDA:439,76,0,0
BRDA:439,76,1,0
BRDA:442,77,0,0
BRDA:442,77,1,0
BRDA:445,78,0,0
BRDA:445,78,1,0
BRDA:450,79,0,0
BRDA:450,79,1,0
BRDA:455,80,0,0
BRDA:455,80,1,0
BRDA:467,81,0,0
BRDA:467,81,1,0
BRDA:473,82,0,0
BRDA:473,82,1,0
BRDA:487,83,0,0
BRDA:487,83,1,0
BRDA:490,84,0,0
BRDA:490,84,1,0
BRDA:521,85,0,0
BRDA:521,85,1,0
BRDA:528,86,0,0
BRDA:528,86,1,0
BRDA:534,87,0,0
BRDA:534,87,1,0
BRDA:539,88,0,0
BRDA:539,88,1,0
BRDA:557,89,0,0
BRDA:557,89,1,0
BRDA:602,90,0,0
BRDA:602,90,1,0
BRDA:613,91,0,0
BRDA:613,91,1,0
BRDA:625,92,0,0
BRDA:625,92,1,0
BRF:196
BRH:0
end_of_record
TN:
SF:src/server/members.ts
FN:10,getMembersSheet
FN:43,getMembers
FN:82,upsertMember
FN:130,deleteMember
FN:162,getMemberByUserKey
FN:196,getMemberByDisplayName
FNF:6
FNH:0
FNDA:0,getMembersSheet
FNDA:0,getMembers
FNDA:0,upsertMember
FNDA:0,deleteMember
FNDA:0,getMemberByUserKey
FNDA:0,getMemberByDisplayName
DA:11,0
DA:12,0
DA:14,0
DA:16,0
DA:17,0
DA:20,0
DA:21,0
DA:24,0
DA:44,0
DA:45,0
DA:46,0
DA:48,0
DA:49,0
DA:52,0
DA:53,0
DA:54,0
DA:55,0
DA:56,0
DA:67,0
DA:69,0
DA:70,0
DA:88,0
DA:89,0
DA:90,0
DA:91,0
DA:94,0
DA:95,0
DA:98,0
DA:99,0
DA:100,0
DA:101,0
DA:102,0
DA:106,0
DA:108,0
DA:110,0
DA:113,0
DA:114,0
DA:117,0
DA:119,0
DA:120,0
DA:121,0
DA:131,0
DA:132,0
DA:133,0
DA:134,0
DA:137,0
DA:138,0
DA:141,0
DA:142,0
DA:143,0
DA:144,0
DA:148,0
DA:149,0
DA:151,0
DA:152,0
DA:153,0
DA:163,0
DA:164,0
DA:165,0
DA:168,0
DA:169,0
DA:171,0
DA:172,0
DA:173,0
DA:184,0
DA:186,0
DA:187,0
DA:197,0
DA:198,0
DA:199,0
DA:202,0
DA:203,0
DA:205,0
DA:206,0
DA:207,0
DA:218,0
DA:220,0
DA:221,0
LF:78
LH:0
BRDA:14,0,0,0
BRDA:14,0,1,0
BRDA:48,1,0,0
BRDA:48,1,1,0
BRDA:55,2,0,0
BRDA:55,2,1,0
BRDA:58,3,0,0
BRDA:58,3,1,0
BRDA:59,4,0,0
BRDA:59,4,1,0
BRDA:60,5,0,0
BRDA:60,5,1,0
BRDA:61,6,0,0
BRDA:61,6,1,0
BRDA:62,7,0,0
BRDA:62,7,1,0
BRDA:89,8,0,0
BRDA:89,8,1,0
BRDA:89,9,0,0
BRDA:89,9,1,0
BRDA:89,9,2,0
BRDA:89,9,3,0
BRDA:100,10,0,0
BRDA:100,10,1,0
BRDA:108,11,0,0
BRDA:108,11,1,0
BRDA:132,12,0,0
BRDA:132,12,1,0
BRDA:142,13,0,0
BRDA:142,13,1,0
BRDA:164,14,0,0
BRDA:164,14,1,0
BRDA:172,15,0,0
BRDA:172,15,1,0
BRDA:175,16,0,0
BRDA:175,16,1,0
BRDA:176,17,0,0
BRDA:176,17,1,0
BRDA:177,18,0,0
BRDA:177,18,1,0
BRDA:178,19,0,0
BRDA:178,19,1,0
BRDA:179,20,0,0
BRDA:179,20,1,0
BRDA:198,21,0,0
BRDA:198,21,1,0
BRDA:206,22,0,0
BRDA:206,22,1,0
BRDA:209,23,0,0
BRDA:209,23,1,0
BRDA:210,24,0,0
BRDA:210,24,1,0
BRDA:211,25,0,0
BRDA:211,25,1,0
BRDA:212,26,0,0
BRDA:212,26,1,0
BRDA:213,27,0,0
BRDA:213,27,1,0
BRF:58
BRH:0
end_of_record
TN:
SF:src/server/responses.ts
FN:11,getResponsesSheet
FN:28,getResponses
FN:73,getAllResponses
FN:116,getResponseByUser
FN:161,tallyResponses
FN:181,(anonymous_5)
FN:191,(anonymous_6)
FN:242,deleteResponsesByUserKey
FN:308,cleanupUnlinkedResponses
FN:317,(anonymous_9)
FNF:10
FNH:0
FNDA:0,getResponsesSheet
FNDA:0,getResponses
FNDA:0,getAllResponses
FNDA:0,getResponseByUser
FNDA:0,tallyResponses
FNDA:0,(anonymous_5)
FNDA:0,(anonymous_6)
FNDA:0,deleteResponsesByUserKey
FNDA:0,cleanupUnlinkedResponses
FNDA:0,(anonymous_9)
DA:12,0
DA:13,0
DA:15,0
DA:16,0
DA:19,0
DA:29,0
DA:30,0
DA:31,0
DA:32,0
DA:35,0
DA:36,0
DA:39,0
DA:41,0
DA:42,0
DA:45,0
DA:47,0
DA:56,0
DA:60,0
DA:63,0
DA:64,0
DA:65,0
DA:74,0
DA:75,0
DA:76,0
DA:78,0
DA:81,0
DA:82,0
DA:85,0
DA:86,0
DA:89,0
DA:98,0
DA:101,0
DA:104,0
DA:105,0
DA:106,0
DA:117,0
DA:118,0
DA:119,0
DA:120,0
DA:123,0
DA:124,0
DA:127,0
DA:128,0
DA:130,0
DA:132,0
DA:141,0
DA:145,0
DA:146,0
DA:149,0
DA:150,0
DA:151,0
DA:162,0
DA:163,0
DA:164,0
DA:165,0
DA:176,0
DA:179,0
DA:180,0
DA:181,0
DA:182,0
DA:185,0
DA:186,0
DA:187,0
DA:188,0
DA:189,0
DA:191,0
DA:193,0
DA:194,0
DA:197,0
DA:198,0
DA:199,0
DA:200,0
DA:201,0
DA:202,0
DA:203,0
DA:204,0
DA:205,0
DA:209,0
DA:219,0
DA:222,0
DA:223,0
DA:224,0
DA:243,0
DA:244,0
DA:245,0
DA:246,0
DA:249,0
DA:250,0
DA:252,0
DA:253,0
DA:254,0
DA:258,0
DA:261,0
DA:262,0
DA:264,0
DA:265,0
DA:266,0
DA:268,0
DA:271,0
DA:275,0
DA:276,0
DA:277,0
DA:281,0
DA:284,0
DA:285,0
DA:289,0
DA:293,0
DA:296,0
DA:298,0
DA:299,0
DA:300,0
DA:309,0
DA:314,0
DA:315,0
DA:316,0
DA:317,0
DA:318,0
DA:319,0
DA:323,0
DA:324,0
DA:326,0
DA:327,0
DA:330,0
DA:332,0
DA:333,0
DA:335,0
DA:336,0
DA:337,0
DA:338,0
DA:339,0
DA:341,0
DA:345,0
DA:346,0
DA:349,0
DA:350,0
DA:353,0
DA:357,0
DA:359,0
DA:361,0
DA:363,0
DA:364,0
DA:365,0
DA:366,0
LF:143
LH:0
BRDA:15,0,0,0
BRDA:15,0,1,0
BRDA:30,1,0,0
BRDA:30,1,1,0
BRDA:45,2,0,0
BRDA:45,2,1,0
BRDA:51,3,0,0
BRDA:51,3,1,0
BRDA:85,4,0,0
BRDA:85,4,1,0
BRDA:85,5,0,0
BRDA:85,5,1,0
BRDA:93,6,0,0
BRDA:93,6,1,0
BRDA:118,7,0,0
BRDA:118,7,1,0
BRDA:118,8,0,0
BRDA:118,8,1,0
BRDA:130,9,0,0
BRDA:130,9,1,0
BRDA:130,10,0,0
BRDA:130,10,1,0
BRDA:136,11,0,0
BRDA:136,11,1,0
BRDA:163,12,0,0
BRDA:163,12,1,0
BRDA:166,13,0,0
BRDA:166,13,1,0
BRDA:193,14,0,0
BRDA:193,14,1,0
BRDA:198,15,0,0
BRDA:198,15,1,0
BRDA:200,16,0,0
BRDA:200,16,1,0
BRDA:202,17,0,0
BRDA:202,17,1,0
BRDA:204,18,0,0
BRDA:204,18,1,0
BRDA:225,19,0,0
BRDA:225,19,1,0
BRDA:244,20,0,0
BRDA:244,20,1,0
BRDA:252,21,0,0
BRDA:252,21,1,0
BRDA:266,22,0,0
BRDA:266,22,1,0
BRDA:275,23,0,0
BRDA:275,23,1,0
BRDA:284,24,0,0
BRDA:284,24,1,0
BRDA:318,25,0,0
BRDA:318,25,1,0
BRDA:326,26,0,0
BRDA:326,26,1,0
BRDA:337,27,0,0
BRDA:337,27,1,0
BRDA:338,28,0,0
BRDA:338,28,1,0
BRDA:338,29,0,0
BRDA:338,29,1,0
BRDA:345,30,0,0
BRDA:345,30,1,0
BRF:62
BRH:0
end_of_record
TN:
SF:src/server/utils.ts
FN:16,getOrCreateSpreadsheet
FN:50,initializeSpreadsheet
FN:59,(anonymous_2)
FN:60,(anonymous_3)
FN:232,(anonymous_4)
FN:240,(anonymous_5)
FN:262,(anonymous_6)
FN:299,(anonymous_7)
FN:319,(anonymous_8)
FN:342,setupApplication
FN:368,getConfig
FN:402,getAllConfig
FN:437,setConfig
FN:487,generateAdminToken
FN:500,generateUuid
FN:508,getCurrentTimestamp
FN:517,cleanupAllData
FN:636,sanitizeInput
FN:658,checkRateLimit
FN:697,resetRateLimit
FNF:20
FNH:0
FNDA:0,getOrCreateSpreadsheet
FNDA:0,initializeSpreadsheet
FNDA:0,(anonymous_2)
FNDA:0,(anonymous_3)
FNDA:0,(anonymous_4)
FNDA:0,(anonymous_5)
FNDA:0,(anonymous_6)
FNDA:0,(anonymous_7)
FNDA:0,(anonymous_8)
FNDA:0,setupApplication
FNDA:0,getConfig
FNDA:0,getAllConfig
FNDA:0,setConfig
FNDA:0,generateAdminToken
FNDA:0,generateUuid
FNDA:0,getCurrentTimestamp
FNDA:0,cleanupAllData
FNDA:0,sanitizeInput
FNDA:0,checkRateLimit
FNDA:0,resetRateLimit
DA:17,0
DA:18,0
DA:19,0
DA:21,0
DA:22,0
DA:23,0
DA:25,0
DA:26,0
DA:27,0
DA:32,0
DA:33,0
DA:34,0
DA:36,0
DA:38,0
DA:39,0
DA:40,0
DA:51,0
DA:54,0
DA:56,0
DA:59,0
DA:60,0
DA:62,0
DA:63,0
DA:64,0
DA:65,0
DA:69,0
DA:70,0
DA:71,0
DA:72,0
DA:73,0
DA:77,0
DA:78,0
DA:81,0
DA:82,0
DA:83,0
DA:84,0
DA:87,0
DA:88,0
DA:91,0
DA:93,0
DA:95,0
DA:96,0
DA:97,0
DA:100,0
DA:101,0
DA:103,0
DA:104,0
DA:105,0
DA:106,0
DA:108,0
DA:110,0
DA:112,0
DA:115,0
DA:116,0
DA:118,0
DA:121,0
DA:122,0
DA:124,0
DA:125,0
DA:126,0
DA:129,0
DA:130,0
DA:131,0
DA:135,0
DA:137,0
DA:140,0
DA:145,0
DA:146,0
DA:147,0
DA:150,0
DA:151,0
DA:152,0
DA:155,0
DA:156,0
DA:160,0
DA:161,0
DA:162,0
DA:163,0
DA:164,0
DA:167,0
DA:168,0
DA:171,0
DA:172,0
DA:173,0
DA:174,0
DA:175,0
DA:176,0
DA:178,0
DA:179,0
DA:183,0
DA:184,0
DA:185,0
DA:186,0
DA:187,0
DA:190,0
DA:191,0
DA:194,0
DA:195,0
DA:196,0
DA:197,0
DA:198,0
DA:199,0
DA:201,0
DA:202,0
DA:206,0
DA:207,0
DA:208,0
DA:209,0
DA:210,0
DA:211,0
DA:213,0
DA:220,0
DA:221,0
DA:224,0
DA:225,0
DA:226,0
DA:227,0
DA:228,0
DA:231,0
DA:232,0
DA:233,0
DA:240,0
DA:241,0
DA:242,0
DA:244,0
DA:245,0
DA:248,0
DA:249,0
DA:253,0
DA:254,0
DA:255,0
DA:258,0
DA:259,0
DA:260,0
DA:261,0
DA:262,0
DA:263,0
DA:265,0
DA:266,0
DA:271,0
DA:276,0
DA:278,0
DA:279,0
DA:280,0
DA:281,0
DA:282,0
DA:283,0
DA:284,0
DA:285,0
DA:289,0
DA:293,0
DA:297,0
DA:299,0
DA:302,0
DA:303,0
DA:304,0
DA:305,0
DA:306,0
DA:308,0
DA:311,0
DA:316,0
DA:317,0
DA:318,0
DA:319,0
DA:320,0
DA:323,0
DA:328,0
DA:332,0
DA:333,0
DA:343,0
DA:345,0
DA:347,0
DA:348,0
DA:351,0
DA:352,0
DA:356,0
DA:357,0
DA:358,0
DA:369,0
DA:370,0
DA:371,0
DA:372,0
DA:375,0
DA:376,0
DA:378,0
DA:379,0
DA:380,0
DA:383,0
DA:384,0
DA:385,0
DA:386,0
DA:390,0
DA:392,0
DA:393,0
DA:394,0
DA:403,0
DA:404,0
DA:405,0
DA:407,0
DA:408,0
DA:409,0
DA:412,0
DA:413,0
DA:416,0
DA:417,0
DA:418,0
DA:419,0
DA:420,0
DA:424,0
DA:426,0
DA:427,0
DA:428,0
DA:438,0
DA:439,0
DA:440,0
DA:441,0
DA:444,0
DA:445,0
DA:447,0
DA:448,0
DA:449,0
DA:452,0
DA:453,0
DA:455,0
DA:456,0
DA:457,0
DA:458,0
DA:459,0
DA:463,0
DA:464,0
DA:468,0
DA:469,0
DA:470,0
DA:471,0
DA:472,0
DA:474,0
DA:478,0
DA:479,0
DA:488,0
DA:489,0
DA:490,0
DA:491,0
DA:493,0
DA:501,0
DA:509,0
DA:524,0
DA:532,0
DA:533,0
DA:536,0
DA:537,0
DA:538,0
DA:540,0
DA:542,0
DA:543,0
DA:544,0
DA:546,0
DA:547,0
DA:550,0
DA:551,0
DA:552,0
DA:553,0
DA:555,0
DA:556,0
DA:557,0
DA:563,0
DA:564,0
DA:565,0
DA:569,0
DA:570,0
DA:573,0
DA:574,0
DA:575,0
DA:576,0
DA:577,0
DA:578,0
DA:584,0
DA:585,0
DA:586,0
DA:587,0
DA:588,0
DA:589,0
DA:597,0
DA:598,0
DA:599,0
DA:600,0
DA:603,0
DA:604,0
DA:605,0
DA:606,0
DA:607,0
DA:608,0
DA:611,0
DA:614,0
DA:615,0
DA:616,0
DA:617,0
DA:618,0
DA:637,0
DA:638,0
DA:642,0
DA:659,0
DA:660,0
DA:661,0
DA:664,0
DA:665,0
DA:666,0
DA:668,0
DA:670,0
DA:671,0
DA:674,0
DA:675,0
DA:677,0
DA:678,0
DA:682,0
DA:683,0
DA:686,0
DA:688,0
DA:698,0
DA:699,0
DA:700,0
DA:701,0
DA:703,0
LF:322
LH:0
BRDA:21,0,0,0
BRDA:21,0,1,0
BRDA:62,1,0,0
BRDA:62,1,1,0
BRDA:69,2,0,0
BRDA:69,2,1,0
BRDA:71,3,0,0
BRDA:71,3,1,0
BRDA:91,4,0,0
BRDA:91,4,1,0
BRDA:93,5,0,0
BRDA:93,5,1,0
BRDA:104,6,0,0
BRDA:104,6,1,0
BRDA:118,7,0,0
BRDA:118,7,1,0
BRDA:122,8,0,0
BRDA:122,8,1,0
BRDA:135,9,0,0
BRDA:135,9,1,0
BRDA:150,10,0,0
BRDA:150,10,1,0
BRDA:160,11,0,0
BRDA:160,11,1,0
BRDA:162,12,0,0
BRDA:162,12,1,0
BRDA:174,13,0,0
BRDA:174,13,1,0
BRDA:183,14,0,0
BRDA:183,14,1,0
BRDA:185,15,0,0
BRDA:185,15,1,0
BRDA:197,16,0,0
BRDA:197,16,1,0
BRDA:206,17,0,0
BRDA:206,17,1,0
BRDA:208,18,0,0
BRDA:208,18,1,0
BRDA:226,19,0,0
BRDA:226,19,1,0
BRDA:241,20,0,0
BRDA:241,20,1,0
BRDA:244,21,0,0
BRDA:244,21,1,0
BRDA:261,22,0,0
BRDA:261,22,1,0
BRDA:263,23,0,0
BRDA:263,23,1,0
BRDA:263,24,0,0
BRDA:263,24,1,0
BRDA:284,25,0,0
BRDA:284,25,1,0
BRDA:297,26,0,0
BRDA:297,26,1,0
BRDA:299,27,0,0
BRDA:299,27,1,0
BRDA:305,28,0,0
BRDA:305,28,1,0
BRDA:316,29,0,0
BRDA:316,29,1,0
BRDA:319,30,0,0
BRDA:319,30,1,0
BRDA:319,31,0,0
BRDA:319,31,1,0
BRDA:368,32,0,0
BRDA:370,33,0,0
BRDA:370,33,1,0
BRDA:370,34,0,0
BRDA:370,34,1,0
BRDA:378,35,0,0
BRDA:378,35,1,0
BRDA:385,36,0,0
BRDA:385,36,1,0
BRDA:407,37,0,0
BRDA:407,37,1,0
BRDA:419,38,0,0
BRDA:419,38,1,0
BRDA:420,39,0,0
BRDA:420,39,1,0
BRDA:439,40,0,0
BRDA:439,40,1,0
BRDA:439,41,0,0
BRDA:439,41,1,0
BRDA:447,42,0,0
BRDA:447,42,1,0
BRDA:456,43,0,0
BRDA:456,43,1,0
BRDA:463,44,0,0
BRDA:463,44,1,0
BRDA:468,45,0,0
BRDA:468,45,1,0
BRDA:540,46,0,0
BRDA:540,46,1,0
BRDA:574,47,0,0
BRDA:574,47,1,0
BRDA:576,48,0,0
BRDA:576,48,1,0
BRDA:585,49,0,0
BRDA:585,49,1,0
BRDA:587,50,0,0
BRDA:587,50,1,0
BRDA:607,51,0,0
BRDA:607,51,1,0
BRDA:637,52,0,0
BRDA:637,52,1,0
BRDA:637,53,0,0
BRDA:637,53,1,0
BRDA:660,54,0,0
BRDA:660,54,1,0
BRDA:660,55,0,0
BRDA:660,55,1,0
BRDA:668,56,0,0
BRDA:668,56,1,0
BRDA:675,57,0,0
BRDA:675,57,1,0
BRF:115
BRH:0
end_of_record
